Compiling the C compiler identification source file "CMakeCCompilerId.c" failed.
Compiler: /home/michael/home/michael/project/rv1126/RK_SDK_rv1126_rv1109_linux_v1.3.0_20200921/rv1126_rv1109/buildroot/output/rockchip_rv1126_rv1109/host/bin/arm-linux-gnueabihf-gcc 
Build flags: 
Id flags: 

The output was:
No such file or directory


Compiling the C compiler identification source file "CMakeCCompilerId.c" failed.
Compiler: /home/michael/home/michael/project/rv1126/RK_SDK_rv1126_rv1109_linux_v1.3.0_20200921/rv1126_rv1109/buildroot/output/rockchip_rv1126_rv1109/host/bin/arm-linux-gnueabihf-gcc 
Build flags: 
Id flags: -c

The output was:
No such file or directory


Compiling the C compiler identification source file "CMakeCCompilerId.c" failed.
Compiler: /home/michael/home/michael/project/rv1126/RK_SDK_rv1126_rv1109_linux_v1.3.0_20200921/rv1126_rv1109/buildroot/output/rockchip_rv1126_rv1109/host/bin/arm-linux-gnueabihf-gcc 
Build flags: 
Id flags: -Aa

The output was:
No such file or directory


Checking whether the C compiler is IAR using "" did not match "IAR .+ Compiler":
Compiling the CXX compiler identification source file "CMakeCXXCompilerId.cpp" failed.
Compiler: /home/michael/home/michael/project/rv1126/RK_SDK_rv1126_rv1109_linux_v1.3.0_20200921/rv1126_rv1109/buildroot/output/rockchip_rv1126_rv1109/host/bin/arm-linux-gnueabihf-g++ 
Build flags: 
Id flags: 

The output was:
No such file or directory


Compiling the CXX compiler identification source file "CMakeCXXCompilerId.cpp" failed.
Compiler: /home/michael/home/michael/project/rv1126/RK_SDK_rv1126_rv1109_linux_v1.3.0_20200921/rv1126_rv1109/buildroot/output/rockchip_rv1126_rv1109/host/bin/arm-linux-gnueabihf-g++ 
Build flags: 
Id flags: -c

The output was:
No such file or directory


Checking whether the CXX compiler is IAR using "" did not match "IAR .+ Compiler":
