The system is: Linux - 4.15.0-112-generic - x86_64
Compiling the C compiler identification source file "CMakeCCompilerId.c" succeeded.
Compiler: /home/michael/project/rv1126/RK_SDK_rv1126_rv1109_linux_v1.3.0_20200921/rv1126_rv1109/buildroot/output/rockchip_rv1126_rv1109/host/bin/arm-linux-gnueabihf-gcc 
Build flags: 
Id flags: 

The output was:
0


Compilation of the C compiler identification source "CMakeCCompilerId.c" produced "a.out"

The C compiler identification is GNU, found in "/home/michael/project/rv1126/RK_SDK_rv1126_rv1109_linux_v1.3.0_20200921/rv1126_rv1109/external/rknpu/rknn/rknn_api/examples/rknn_ssd_demo/build/CMakeFiles/3.5.1/CompilerIdC/a.out"

Compiling the CXX compiler identification source file "CMakeCXXCompilerId.cpp" succeeded.
Compiler: /home/michael/project/rv1126/RK_SDK_rv1126_rv1109_linux_v1.3.0_20200921/rv1126_rv1109/buildroot/output/rockchip_rv1126_rv1109/host/bin/arm-linux-gnueabihf-g++ 
Build flags: 
Id flags: 

The output was:
0


Compilation of the CXX compiler identification source "CMakeCXXCompilerId.cpp" produced "a.out"

The CXX compiler identification is GNU, found in "/home/michael/project/rv1126/RK_SDK_rv1126_rv1109_linux_v1.3.0_20200921/rv1126_rv1109/external/rknpu/rknn/rknn_api/examples/rknn_ssd_demo/build/CMakeFiles/3.5.1/CompilerIdCXX/a.out"

Determining if the C compiler works passed with the following output:
Change Dir: /home/michael/project/rv1126/RK_SDK_rv1126_rv1109_linux_v1.3.0_20200921/rv1126_rv1109/external/rknpu/rknn/rknn_api/examples/rknn_ssd_demo/build/CMakeFiles/CMakeTmp

Run Build Command:"/usr/bin/make" "cmTC_0cb9a/fast"
/usr/bin/make -f CMakeFiles/cmTC_0cb9a.dir/build.make CMakeFiles/cmTC_0cb9a.dir/build
make[1]: Entering directory '/home/michael/project/rv1126/RK_SDK_rv1126_rv1109_linux_v1.3.0_20200921/rv1126_rv1109/external/rknpu/rknn/rknn_api/examples/rknn_ssd_demo/build/CMakeFiles/CMakeTmp'
Building C object CMakeFiles/cmTC_0cb9a.dir/testCCompiler.c.o
/home/michael/project/rv1126/RK_SDK_rv1126_rv1109_linux_v1.3.0_20200921/rv1126_rv1109/buildroot/output/rockchip_rv1126_rv1109/host/bin/arm-linux-gnueabihf-gcc     -o CMakeFiles/cmTC_0cb9a.dir/testCCompiler.c.o   -c /home/michael/project/rv1126/RK_SDK_rv1126_rv1109_linux_v1.3.0_20200921/rv1126_rv1109/external/rknpu/rknn/rknn_api/examples/rknn_ssd_demo/build/CMakeFiles/CMakeTmp/testCCompiler.c
Linking C executable cmTC_0cb9a
/usr/bin/cmake -E cmake_link_script CMakeFiles/cmTC_0cb9a.dir/link.txt --verbose=1
/home/michael/project/rv1126/RK_SDK_rv1126_rv1109_linux_v1.3.0_20200921/rv1126_rv1109/buildroot/output/rockchip_rv1126_rv1109/host/bin/arm-linux-gnueabihf-gcc       CMakeFiles/cmTC_0cb9a.dir/testCCompiler.c.o  -o cmTC_0cb9a 
make[1]: Leaving directory '/home/michael/project/rv1126/RK_SDK_rv1126_rv1109_linux_v1.3.0_20200921/rv1126_rv1109/external/rknpu/rknn/rknn_api/examples/rknn_ssd_demo/build/CMakeFiles/CMakeTmp'


Detecting C compiler ABI info compiled with the following output:
Change Dir: /home/michael/project/rv1126/RK_SDK_rv1126_rv1109_linux_v1.3.0_20200921/rv1126_rv1109/external/rknpu/rknn/rknn_api/examples/rknn_ssd_demo/build/CMakeFiles/CMakeTmp

Run Build Command:"/usr/bin/make" "cmTC_bad18/fast"
/usr/bin/make -f CMakeFiles/cmTC_bad18.dir/build.make CMakeFiles/cmTC_bad18.dir/build
make[1]: Entering directory '/home/michael/project/rv1126/RK_SDK_rv1126_rv1109_linux_v1.3.0_20200921/rv1126_rv1109/external/rknpu/rknn/rknn_api/examples/rknn_ssd_demo/build/CMakeFiles/CMakeTmp'
Building C object CMakeFiles/cmTC_bad18.dir/CMakeCCompilerABI.c.o
/home/michael/project/rv1126/RK_SDK_rv1126_rv1109_linux_v1.3.0_20200921/rv1126_rv1109/buildroot/output/rockchip_rv1126_rv1109/host/bin/arm-linux-gnueabihf-gcc     -o CMakeFiles/cmTC_bad18.dir/CMakeCCompilerABI.c.o   -c /usr/share/cmake-3.5/Modules/CMakeCCompilerABI.c
Linking C executable cmTC_bad18
/usr/bin/cmake -E cmake_link_script CMakeFiles/cmTC_bad18.dir/link.txt --verbose=1
/home/michael/project/rv1126/RK_SDK_rv1126_rv1109_linux_v1.3.0_20200921/rv1126_rv1109/buildroot/output/rockchip_rv1126_rv1109/host/bin/arm-linux-gnueabihf-gcc      -v CMakeFiles/cmTC_bad18.dir/CMakeCCompilerABI.c.o  -o cmTC_bad18  
Using built-in specs.
COLLECT_GCC=/home/michael/project/rv1126/RK_SDK_rv1126_rv1109_linux_v1.3.0_20200921/rv1126_rv1109/buildroot/../prebuilts/gcc/linux-x86/arm/gcc-arm-8.3-2019.03-x86_64-arm-linux-gnueabihf/bin/arm-linux-gnueabihf-gcc
COLLECT_LTO_WRAPPER=/home/michael/project/rv1126/RK_SDK_rv1126_rv1109_linux_v1.3.0_20200921/rv1126_rv1109/prebuilts/gcc/linux-x86/arm/gcc-arm-8.3-2019.03-x86_64-arm-linux-gnueabihf/bin/../libexec/gcc/arm-linux-gnueabihf/8.3.0/lto-wrapper
Target: arm-linux-gnueabihf
Configured with: /tmp/dgboter/bbs/rhev-vm8--rhe6x86_64/buildbot/rhe6x86_64--arm-linux-gnueabihf/build/src/gcc/configure --target=arm-linux-gnueabihf --prefix= --with-sysroot=/arm-linux-gnueabihf/libc --with-build-sysroot=/tmp/dgboter/bbs/rhev-vm8--rhe6x86_64/buildbot/rhe6x86_64--arm-linux-gnueabihf/build/build-arm-linux-gnueabihf/install//arm-linux-gnueabihf/libc --with-bugurl=https://bugs.linaro.org/ --enable-gnu-indirect-function --enable-shared --disable-libssp --disable-libmudflap --enable-checking=release --enable-languages=c,c++,fortran --with-gmp=/tmp/dgboter/bbs/rhev-vm8--rhe6x86_64/buildbot/rhe6x86_64--arm-linux-gnueabihf/build/build-arm-linux-gnueabihf/host-tools --with-mpfr=/tmp/dgboter/bbs/rhev-vm8--rhe6x86_64/buildbot/rhe6x86_64--arm-linux-gnueabihf/build/build-arm-linux-gnueabihf/host-tools --with-mpc=/tmp/dgboter/bbs/rhev-vm8--rhe6x86_64/buildbot/rhe6x86_64--arm-linux-gnueabihf/build/build-arm-linux-gnueabihf/host-tools --with-isl=/tmp/dgboter/bbs/rhev-vm8--rhe6x86_64/buildbot/rhe6x86_64--arm-linux-gnueabihf/build/build-arm-linux-gnueabihf/host-tools --with-arch=armv7-a --with-fpu=neon --with-float=hard --with-arch=armv7-a --with-pkgversion='GNU Toolchain for the A-profile Architecture 8.3-2019.03 (arm-rel-8.36)'
Thread model: posix
gcc version 8.3.0 (GNU Toolchain for the A-profile Architecture 8.3-2019.03 (arm-rel-8.36)) 
COMPILER_PATH=/home/michael/project/rv1126/RK_SDK_rv1126_rv1109_linux_v1.3.0_20200921/rv1126_rv1109/prebuilts/gcc/linux-x86/arm/gcc-arm-8.3-2019.03-x86_64-arm-linux-gnueabihf/bin/../libexec/gcc/arm-linux-gnueabihf/8.3.0/:/home/michael/project/rv1126/RK_SDK_rv1126_rv1109_linux_v1.3.0_20200921/rv1126_rv1109/prebuilts/gcc/linux-x86/arm/gcc-arm-8.3-2019.03-x86_64-arm-linux-gnueabihf/bin/../libexec/gcc/:/home/michael/project/rv1126/RK_SDK_rv1126_rv1109_linux_v1.3.0_20200921/rv1126_rv1109/prebuilts/gcc/linux-x86/arm/gcc-arm-8.3-2019.03-x86_64-arm-linux-gnueabihf/bin/../lib/gcc/arm-linux-gnueabihf/8.3.0/../../../../arm-linux-gnueabihf/bin/
LIBRARY_PATH=/home/michael/project/rv1126/RK_SDK_rv1126_rv1109_linux_v1.3.0_20200921/rv1126_rv1109/prebuilts/gcc/linux-x86/arm/gcc-arm-8.3-2019.03-x86_64-arm-linux-gnueabihf/bin/../lib/gcc/arm-linux-gnueabihf/8.3.0/:/home/michael/project/rv1126/RK_SDK_rv1126_rv1109_linux_v1.3.0_20200921/rv1126_rv1109/prebuilts/gcc/linux-x86/arm/gcc-arm-8.3-2019.03-x86_64-arm-linux-gnueabihf/bin/../lib/gcc/:/home/michael/project/rv1126/RK_SDK_rv1126_rv1109_linux_v1.3.0_20200921/rv1126_rv1109/prebuilts/gcc/linux-x86/arm/gcc-arm-8.3-2019.03-x86_64-arm-linux-gnueabihf/bin/../lib/gcc/arm-linux-gnueabihf/8.3.0/../../../../arm-linux-gnueabihf/lib/:/home/michael/project/rv1126/RK_SDK_rv1126_rv1109_linux_v1.3.0_20200921/rv1126_rv1109/buildroot/output/rockchip_rv1126_rv1109/host/arm-buildroot-linux-gnueabihf/sysroot/lib/:/home/michael/project/rv1126/RK_SDK_rv1126_rv1109_linux_v1.3.0_20200921/rv1126_rv1109/buildroot/output/rockchip_rv1126_rv1109/host/arm-buildroot-linux-gnueabihf/sysroot/usr/lib/
COLLECT_GCC_OPTIONS='-mabi=aapcs-linux' '-mfpu=neon-vfpv4' '-marm' '-mfloat-abi=hard' '-mcpu=cortex-a7' '-v' '-o' 'cmTC_bad18' '-mtls-dialect=gnu' '-march=armv7ve+simd'
 /home/michael/project/rv1126/RK_SDK_rv1126_rv1109_linux_v1.3.0_20200921/rv1126_rv1109/prebuilts/gcc/linux-x86/arm/gcc-arm-8.3-2019.03-x86_64-arm-linux-gnueabihf/bin/../libexec/gcc/arm-linux-gnueabihf/8.3.0/collect2 -plugin /home/michael/project/rv1126/RK_SDK_rv1126_rv1109_linux_v1.3.0_20200921/rv1126_rv1109/prebuilts/gcc/linux-x86/arm/gcc-arm-8.3-2019.03-x86_64-arm-linux-gnueabihf/bin/../libexec/gcc/arm-linux-gnueabihf/8.3.0/liblto_plugin.so -plugin-opt=/home/michael/project/rv1126/RK_SDK_rv1126_rv1109_linux_v1.3.0_20200921/rv1126_rv1109/prebuilts/gcc/linux-x86/arm/gcc-arm-8.3-2019.03-x86_64-arm-linux-gnueabihf/bin/../libexec/gcc/arm-linux-gnueabihf/8.3.0/lto-wrapper -plugin-opt=-fresolution=/tmp/ccApnuRp.res -plugin-opt=-pass-through=-lgcc -plugin-opt=-pass-through=-lgcc_s -plugin-opt=-pass-through=-lc -plugin-opt=-pass-through=-lgcc -plugin-opt=-pass-through=-lgcc_s --sysroot=/home/michael/project/rv1126/RK_SDK_rv1126_rv1109_linux_v1.3.0_20200921/rv1126_rv1109/buildroot/output/rockchip_rv1126_rv1109/host/arm-buildroot-linux-gnueabihf/sysroot --eh-frame-hdr -dynamic-linker /lib/ld-linux-armhf.so.3 -X -m armelf_linux_eabi -o cmTC_bad18 /home/michael/project/rv1126/RK_SDK_rv1126_rv1109_linux_v1.3.0_20200921/rv1126_rv1109/buildroot/output/rockchip_rv1126_rv1109/host/arm-buildroot-linux-gnueabihf/sysroot/usr/lib/crt1.o /home/michael/project/rv1126/RK_SDK_rv1126_rv1109_linux_v1.3.0_20200921/rv1126_rv1109/buildroot/output/rockchip_rv1126_rv1109/host/arm-buildroot-linux-gnueabihf/sysroot/usr/lib/crti.o /home/michael/project/rv1126/RK_SDK_rv1126_rv1109_linux_v1.3.0_20200921/rv1126_rv1109/prebuilts/gcc/linux-x86/arm/gcc-arm-8.3-2019.03-x86_64-arm-linux-gnueabihf/bin/../lib/gcc/arm-linux-gnueabihf/8.3.0/crtbegin.o -L/home/michael/project/rv1126/RK_SDK_rv1126_rv1109_linux_v1.3.0_20200921/rv1126_rv1109/prebuilts/gcc/linux-x86/arm/gcc-arm-8.3-2019.03-x86_64-arm-linux-gnueabihf/bin/../lib/gcc/arm-linux-gnueabihf/8.3.0 -L/home/michael/project/rv1126/RK_SDK_rv1126_rv1109_linux_v1.3.0_20200921/rv1126_rv1109/prebuilts/gcc/linux-x86/arm/gcc-arm-8.3-2019.03-x86_64-arm-linux-gnueabihf/bin/../lib/gcc -L/home/michael/project/rv1126/RK_SDK_rv1126_rv1109_linux_v1.3.0_20200921/rv1126_rv1109/prebuilts/gcc/linux-x86/arm/gcc-arm-8.3-2019.03-x86_64-arm-linux-gnueabihf/bin/../lib/gcc/arm-linux-gnueabihf/8.3.0/../../../../arm-linux-gnueabihf/lib -L/home/michael/project/rv1126/RK_SDK_rv1126_rv1109_linux_v1.3.0_20200921/rv1126_rv1109/buildroot/output/rockchip_rv1126_rv1109/host/arm-buildroot-linux-gnueabihf/sysroot/lib -L/home/michael/project/rv1126/RK_SDK_rv1126_rv1109_linux_v1.3.0_20200921/rv1126_rv1109/buildroot/output/rockchip_rv1126_rv1109/host/arm-buildroot-linux-gnueabihf/sysroot/usr/lib CMakeFiles/cmTC_bad18.dir/CMakeCCompilerABI.c.o -lgcc --as-needed -lgcc_s --no-as-needed -lc -lgcc --as-needed -lgcc_s --no-as-needed /home/michael/project/rv1126/RK_SDK_rv1126_rv1109_linux_v1.3.0_20200921/rv1126_rv1109/prebuilts/gcc/linux-x86/arm/gcc-arm-8.3-2019.03-x86_64-arm-linux-gnueabihf/bin/../lib/gcc/arm-linux-gnueabihf/8.3.0/crtend.o /home/michael/project/rv1126/RK_SDK_rv1126_rv1109_linux_v1.3.0_20200921/rv1126_rv1109/buildroot/output/rockchip_rv1126_rv1109/host/arm-buildroot-linux-gnueabihf/sysroot/usr/lib/crtn.o
COLLECT_GCC_OPTIONS='-mabi=aapcs-linux' '-mfpu=neon-vfpv4' '-marm' '-mfloat-abi=hard' '-mcpu=cortex-a7' '-v' '-o' 'cmTC_bad18' '-mtls-dialect=gnu' '-march=armv7ve+simd'
make[1]: Leaving directory '/home/michael/project/rv1126/RK_SDK_rv1126_rv1109_linux_v1.3.0_20200921/rv1126_rv1109/external/rknpu/rknn/rknn_api/examples/rknn_ssd_demo/build/CMakeFiles/CMakeTmp'


Parsed C implicit link information from above output:
  link line regex: [^( *|.*[/\])(ld|([^/\]+-)?ld|collect2)[^/\]*( |$)]
  ignore line: [Change Dir: /home/michael/project/rv1126/RK_SDK_rv1126_rv1109_linux_v1.3.0_20200921/rv1126_rv1109/external/rknpu/rknn/rknn_api/examples/rknn_ssd_demo/build/CMakeFiles/CMakeTmp]
  ignore line: []
  ignore line: [Run Build Command:"/usr/bin/make" "cmTC_bad18/fast"]
  ignore line: [/usr/bin/make -f CMakeFiles/cmTC_bad18.dir/build.make CMakeFiles/cmTC_bad18.dir/build]
  ignore line: [make[1]: Entering directory '/home/michael/project/rv1126/RK_SDK_rv1126_rv1109_linux_v1.3.0_20200921/rv1126_rv1109/external/rknpu/rknn/rknn_api/examples/rknn_ssd_demo/build/CMakeFiles/CMakeTmp']
  ignore line: [Building C object CMakeFiles/cmTC_bad18.dir/CMakeCCompilerABI.c.o]
  ignore line: [/home/michael/project/rv1126/RK_SDK_rv1126_rv1109_linux_v1.3.0_20200921/rv1126_rv1109/buildroot/output/rockchip_rv1126_rv1109/host/bin/arm-linux-gnueabihf-gcc     -o CMakeFiles/cmTC_bad18.dir/CMakeCCompilerABI.c.o   -c /usr/share/cmake-3.5/Modules/CMakeCCompilerABI.c]
  ignore line: [Linking C executable cmTC_bad18]
  ignore line: [/usr/bin/cmake -E cmake_link_script CMakeFiles/cmTC_bad18.dir/link.txt --verbose=1]
  ignore line: [/home/michael/project/rv1126/RK_SDK_rv1126_rv1109_linux_v1.3.0_20200921/rv1126_rv1109/buildroot/output/rockchip_rv1126_rv1109/host/bin/arm-linux-gnueabihf-gcc      -v CMakeFiles/cmTC_bad18.dir/CMakeCCompilerABI.c.o  -o cmTC_bad18  ]
  ignore line: [Using built-in specs.]
  ignore line: [COLLECT_GCC=/home/michael/project/rv1126/RK_SDK_rv1126_rv1109_linux_v1.3.0_20200921/rv1126_rv1109/buildroot/../prebuilts/gcc/linux-x86/arm/gcc-arm-8.3-2019.03-x86_64-arm-linux-gnueabihf/bin/arm-linux-gnueabihf-gcc]
  ignore line: [COLLECT_LTO_WRAPPER=/home/michael/project/rv1126/RK_SDK_rv1126_rv1109_linux_v1.3.0_20200921/rv1126_rv1109/prebuilts/gcc/linux-x86/arm/gcc-arm-8.3-2019.03-x86_64-arm-linux-gnueabihf/bin/../libexec/gcc/arm-linux-gnueabihf/8.3.0/lto-wrapper]
  ignore line: [Target: arm-linux-gnueabihf]
  ignore line: [Configured with: /tmp/dgboter/bbs/rhev-vm8--rhe6x86_64/buildbot/rhe6x86_64--arm-linux-gnueabihf/build/src/gcc/configure --target=arm-linux-gnueabihf --prefix= --with-sysroot=/arm-linux-gnueabihf/libc --with-build-sysroot=/tmp/dgboter/bbs/rhev-vm8--rhe6x86_64/buildbot/rhe6x86_64--arm-linux-gnueabihf/build/build-arm-linux-gnueabihf/install//arm-linux-gnueabihf/libc --with-bugurl=https://bugs.linaro.org/ --enable-gnu-indirect-function --enable-shared --disable-libssp --disable-libmudflap --enable-checking=release --enable-languages=c,c++,fortran --with-gmp=/tmp/dgboter/bbs/rhev-vm8--rhe6x86_64/buildbot/rhe6x86_64--arm-linux-gnueabihf/build/build-arm-linux-gnueabihf/host-tools --with-mpfr=/tmp/dgboter/bbs/rhev-vm8--rhe6x86_64/buildbot/rhe6x86_64--arm-linux-gnueabihf/build/build-arm-linux-gnueabihf/host-tools --with-mpc=/tmp/dgboter/bbs/rhev-vm8--rhe6x86_64/buildbot/rhe6x86_64--arm-linux-gnueabihf/build/build-arm-linux-gnueabihf/host-tools --with-isl=/tmp/dgboter/bbs/rhev-vm8--rhe6x86_64/buildbot/rhe6x86_64--arm-linux-gnueabihf/build/build-arm-linux-gnueabihf/host-tools --with-arch=armv7-a --with-fpu=neon --with-float=hard --with-arch=armv7-a --with-pkgversion='GNU Toolchain for the A-profile Architecture 8.3-2019.03 (arm-rel-8.36)']
  ignore line: [Thread model: posix]
  ignore line: [gcc version 8.3.0 (GNU Toolchain for the A-profile Architecture 8.3-2019.03 (arm-rel-8.36)) ]
  ignore line: [COMPILER_PATH=/home/michael/project/rv1126/RK_SDK_rv1126_rv1109_linux_v1.3.0_20200921/rv1126_rv1109/prebuilts/gcc/linux-x86/arm/gcc-arm-8.3-2019.03-x86_64-arm-linux-gnueabihf/bin/../libexec/gcc/arm-linux-gnueabihf/8.3.0/:/home/michael/project/rv1126/RK_SDK_rv1126_rv1109_linux_v1.3.0_20200921/rv1126_rv1109/prebuilts/gcc/linux-x86/arm/gcc-arm-8.3-2019.03-x86_64-arm-linux-gnueabihf/bin/../libexec/gcc/:/home/michael/project/rv1126/RK_SDK_rv1126_rv1109_linux_v1.3.0_20200921/rv1126_rv1109/prebuilts/gcc/linux-x86/arm/gcc-arm-8.3-2019.03-x86_64-arm-linux-gnueabihf/bin/../lib/gcc/arm-linux-gnueabihf/8.3.0/../../../../arm-linux-gnueabihf/bin/]
  ignore line: [LIBRARY_PATH=/home/michael/project/rv1126/RK_SDK_rv1126_rv1109_linux_v1.3.0_20200921/rv1126_rv1109/prebuilts/gcc/linux-x86/arm/gcc-arm-8.3-2019.03-x86_64-arm-linux-gnueabihf/bin/../lib/gcc/arm-linux-gnueabihf/8.3.0/:/home/michael/project/rv1126/RK_SDK_rv1126_rv1109_linux_v1.3.0_20200921/rv1126_rv1109/prebuilts/gcc/linux-x86/arm/gcc-arm-8.3-2019.03-x86_64-arm-linux-gnueabihf/bin/../lib/gcc/:/home/michael/project/rv1126/RK_SDK_rv1126_rv1109_linux_v1.3.0_20200921/rv1126_rv1109/prebuilts/gcc/linux-x86/arm/gcc-arm-8.3-2019.03-x86_64-arm-linux-gnueabihf/bin/../lib/gcc/arm-linux-gnueabihf/8.3.0/../../../../arm-linux-gnueabihf/lib/:/home/michael/project/rv1126/RK_SDK_rv1126_rv1109_linux_v1.3.0_20200921/rv1126_rv1109/buildroot/output/rockchip_rv1126_rv1109/host/arm-buildroot-linux-gnueabihf/sysroot/lib/:/home/michael/project/rv1126/RK_SDK_rv1126_rv1109_linux_v1.3.0_20200921/rv1126_rv1109/buildroot/output/rockchip_rv1126_rv1109/host/arm-buildroot-linux-gnueabihf/sysroot/usr/lib/]
  ignore line: [COLLECT_GCC_OPTIONS='-mabi=aapcs-linux' '-mfpu=neon-vfpv4' '-marm' '-mfloat-abi=hard' '-mcpu=cortex-a7' '-v' '-o' 'cmTC_bad18' '-mtls-dialect=gnu' '-march=armv7ve+simd']
  link line: [ /home/michael/project/rv1126/RK_SDK_rv1126_rv1109_linux_v1.3.0_20200921/rv1126_rv1109/prebuilts/gcc/linux-x86/arm/gcc-arm-8.3-2019.03-x86_64-arm-linux-gnueabihf/bin/../libexec/gcc/arm-linux-gnueabihf/8.3.0/collect2 -plugin /home/michael/project/rv1126/RK_SDK_rv1126_rv1109_linux_v1.3.0_20200921/rv1126_rv1109/prebuilts/gcc/linux-x86/arm/gcc-arm-8.3-2019.03-x86_64-arm-linux-gnueabihf/bin/../libexec/gcc/arm-linux-gnueabihf/8.3.0/liblto_plugin.so -plugin-opt=/home/michael/project/rv1126/RK_SDK_rv1126_rv1109_linux_v1.3.0_20200921/rv1126_rv1109/prebuilts/gcc/linux-x86/arm/gcc-arm-8.3-2019.03-x86_64-arm-linux-gnueabihf/bin/../libexec/gcc/arm-linux-gnueabihf/8.3.0/lto-wrapper -plugin-opt=-fresolution=/tmp/ccApnuRp.res -plugin-opt=-pass-through=-lgcc -plugin-opt=-pass-through=-lgcc_s -plugin-opt=-pass-through=-lc -plugin-opt=-pass-through=-lgcc -plugin-opt=-pass-through=-lgcc_s --sysroot=/home/michael/project/rv1126/RK_SDK_rv1126_rv1109_linux_v1.3.0_20200921/rv1126_rv1109/buildroot/output/rockchip_rv1126_rv1109/host/arm-buildroot-linux-gnueabihf/sysroot --eh-frame-hdr -dynamic-linker /lib/ld-linux-armhf.so.3 -X -m armelf_linux_eabi -o cmTC_bad18 /home/michael/project/rv1126/RK_SDK_rv1126_rv1109_linux_v1.3.0_20200921/rv1126_rv1109/buildroot/output/rockchip_rv1126_rv1109/host/arm-buildroot-linux-gnueabihf/sysroot/usr/lib/crt1.o /home/michael/project/rv1126/RK_SDK_rv1126_rv1109_linux_v1.3.0_20200921/rv1126_rv1109/buildroot/output/rockchip_rv1126_rv1109/host/arm-buildroot-linux-gnueabihf/sysroot/usr/lib/crti.o /home/michael/project/rv1126/RK_SDK_rv1126_rv1109_linux_v1.3.0_20200921/rv1126_rv1109/prebuilts/gcc/linux-x86/arm/gcc-arm-8.3-2019.03-x86_64-arm-linux-gnueabihf/bin/../lib/gcc/arm-linux-gnueabihf/8.3.0/crtbegin.o -L/home/michael/project/rv1126/RK_SDK_rv1126_rv1109_linux_v1.3.0_20200921/rv1126_rv1109/prebuilts/gcc/linux-x86/arm/gcc-arm-8.3-2019.03-x86_64-arm-linux-gnueabihf/bin/../lib/gcc/arm-linux-gnueabihf/8.3.0 -L/home/michael/project/rv1126/RK_SDK_rv1126_rv1109_linux_v1.3.0_20200921/rv1126_rv1109/prebuilts/gcc/linux-x86/arm/gcc-arm-8.3-2019.03-x86_64-arm-linux-gnueabihf/bin/../lib/gcc -L/home/michael/project/rv1126/RK_SDK_rv1126_rv1109_linux_v1.3.0_20200921/rv1126_rv1109/prebuilts/gcc/linux-x86/arm/gcc-arm-8.3-2019.03-x86_64-arm-linux-gnueabihf/bin/../lib/gcc/arm-linux-gnueabihf/8.3.0/../../../../arm-linux-gnueabihf/lib -L/home/michael/project/rv1126/RK_SDK_rv1126_rv1109_linux_v1.3.0_20200921/rv1126_rv1109/buildroot/output/rockchip_rv1126_rv1109/host/arm-buildroot-linux-gnueabihf/sysroot/lib -L/home/michael/project/rv1126/RK_SDK_rv1126_rv1109_linux_v1.3.0_20200921/rv1126_rv1109/buildroot/output/rockchip_rv1126_rv1109/host/arm-buildroot-linux-gnueabihf/sysroot/usr/lib CMakeFiles/cmTC_bad18.dir/CMakeCCompilerABI.c.o -lgcc --as-needed -lgcc_s --no-as-needed -lc -lgcc --as-needed -lgcc_s --no-as-needed /home/michael/project/rv1126/RK_SDK_rv1126_rv1109_linux_v1.3.0_20200921/rv1126_rv1109/prebuilts/gcc/linux-x86/arm/gcc-arm-8.3-2019.03-x86_64-arm-linux-gnueabihf/bin/../lib/gcc/arm-linux-gnueabihf/8.3.0/crtend.o /home/michael/project/rv1126/RK_SDK_rv1126_rv1109_linux_v1.3.0_20200921/rv1126_rv1109/buildroot/output/rockchip_rv1126_rv1109/host/arm-buildroot-linux-gnueabihf/sysroot/usr/lib/crtn.o]
    arg [/home/michael/project/rv1126/RK_SDK_rv1126_rv1109_linux_v1.3.0_20200921/rv1126_rv1109/prebuilts/gcc/linux-x86/arm/gcc-arm-8.3-2019.03-x86_64-arm-linux-gnueabihf/bin/../libexec/gcc/arm-linux-gnueabihf/8.3.0/collect2] ==> ignore
    arg [-plugin] ==> ignore
    arg [/home/michael/project/rv1126/RK_SDK_rv1126_rv1109_linux_v1.3.0_20200921/rv1126_rv1109/prebuilts/gcc/linux-x86/arm/gcc-arm-8.3-2019.03-x86_64-arm-linux-gnueabihf/bin/../libexec/gcc/arm-linux-gnueabihf/8.3.0/liblto_plugin.so] ==> ignore
    arg [-plugin-opt=/home/michael/project/rv1126/RK_SDK_rv1126_rv1109_linux_v1.3.0_20200921/rv1126_rv1109/prebuilts/gcc/linux-x86/arm/gcc-arm-8.3-2019.03-x86_64-arm-linux-gnueabihf/bin/../libexec/gcc/arm-linux-gnueabihf/8.3.0/lto-wrapper] ==> ignore
    arg [-plugin-opt=-fresolution=/tmp/ccApnuRp.res] ==> ignore
    arg [-plugin-opt=-pass-through=-lgcc] ==> ignore
    arg [-plugin-opt=-pass-through=-lgcc_s] ==> ignore
    arg [-plugin-opt=-pass-through=-lc] ==> ignore
    arg [-plugin-opt=-pass-through=-lgcc] ==> ignore
    arg [-plugin-opt=-pass-through=-lgcc_s] ==> ignore
    arg [--sysroot=/home/michael/project/rv1126/RK_SDK_rv1126_rv1109_linux_v1.3.0_20200921/rv1126_rv1109/buildroot/output/rockchip_rv1126_rv1109/host/arm-buildroot-linux-gnueabihf/sysroot] ==> ignore
    arg [--eh-frame-hdr] ==> ignore
    arg [-dynamic-linker] ==> ignore
    arg [/lib/ld-linux-armhf.so.3] ==> ignore
    arg [-X] ==> ignore
    arg [-m] ==> ignore
    arg [armelf_linux_eabi] ==> ignore
    arg [-o] ==> ignore
    arg [cmTC_bad18] ==> ignore
    arg [/home/michael/project/rv1126/RK_SDK_rv1126_rv1109_linux_v1.3.0_20200921/rv1126_rv1109/buildroot/output/rockchip_rv1126_rv1109/host/arm-buildroot-linux-gnueabihf/sysroot/usr/lib/crt1.o] ==> ignore
    arg [/home/michael/project/rv1126/RK_SDK_rv1126_rv1109_linux_v1.3.0_20200921/rv1126_rv1109/buildroot/output/rockchip_rv1126_rv1109/host/arm-buildroot-linux-gnueabihf/sysroot/usr/lib/crti.o] ==> ignore
    arg [/home/michael/project/rv1126/RK_SDK_rv1126_rv1109_linux_v1.3.0_20200921/rv1126_rv1109/prebuilts/gcc/linux-x86/arm/gcc-arm-8.3-2019.03-x86_64-arm-linux-gnueabihf/bin/../lib/gcc/arm-linux-gnueabihf/8.3.0/crtbegin.o] ==> ignore
    arg [-L/home/michael/project/rv1126/RK_SDK_rv1126_rv1109_linux_v1.3.0_20200921/rv1126_rv1109/prebuilts/gcc/linux-x86/arm/gcc-arm-8.3-2019.03-x86_64-arm-linux-gnueabihf/bin/../lib/gcc/arm-linux-gnueabihf/8.3.0] ==> dir [/home/michael/project/rv1126/RK_SDK_rv1126_rv1109_linux_v1.3.0_20200921/rv1126_rv1109/prebuilts/gcc/linux-x86/arm/gcc-arm-8.3-2019.03-x86_64-arm-linux-gnueabihf/bin/../lib/gcc/arm-linux-gnueabihf/8.3.0]
    arg [-L/home/michael/project/rv1126/RK_SDK_rv1126_rv1109_linux_v1.3.0_20200921/rv1126_rv1109/prebuilts/gcc/linux-x86/arm/gcc-arm-8.3-2019.03-x86_64-arm-linux-gnueabihf/bin/../lib/gcc] ==> dir [/home/michael/project/rv1126/RK_SDK_rv1126_rv1109_linux_v1.3.0_20200921/rv1126_rv1109/prebuilts/gcc/linux-x86/arm/gcc-arm-8.3-2019.03-x86_64-arm-linux-gnueabihf/bin/../lib/gcc]
    arg [-L/home/michael/project/rv1126/RK_SDK_rv1126_rv1109_linux_v1.3.0_20200921/rv1126_rv1109/prebuilts/gcc/linux-x86/arm/gcc-arm-8.3-2019.03-x86_64-arm-linux-gnueabihf/bin/../lib/gcc/arm-linux-gnueabihf/8.3.0/../../../../arm-linux-gnueabihf/lib] ==> dir [/home/michael/project/rv1126/RK_SDK_rv1126_rv1109_linux_v1.3.0_20200921/rv1126_rv1109/prebuilts/gcc/linux-x86/arm/gcc-arm-8.3-2019.03-x86_64-arm-linux-gnueabihf/bin/../lib/gcc/arm-linux-gnueabihf/8.3.0/../../../../arm-linux-gnueabihf/lib]
    arg [-L/home/michael/project/rv1126/RK_SDK_rv1126_rv1109_linux_v1.3.0_20200921/rv1126_rv1109/buildroot/output/rockchip_rv1126_rv1109/host/arm-buildroot-linux-gnueabihf/sysroot/lib] ==> dir [/home/michael/project/rv1126/RK_SDK_rv1126_rv1109_linux_v1.3.0_20200921/rv1126_rv1109/buildroot/output/rockchip_rv1126_rv1109/host/arm-buildroot-linux-gnueabihf/sysroot/lib]
    arg [-L/home/michael/project/rv1126/RK_SDK_rv1126_rv1109_linux_v1.3.0_20200921/rv1126_rv1109/buildroot/output/rockchip_rv1126_rv1109/host/arm-buildroot-linux-gnueabihf/sysroot/usr/lib] ==> dir [/home/michael/project/rv1126/RK_SDK_rv1126_rv1109_linux_v1.3.0_20200921/rv1126_rv1109/buildroot/output/rockchip_rv1126_rv1109/host/arm-buildroot-linux-gnueabihf/sysroot/usr/lib]
    arg [CMakeFiles/cmTC_bad18.dir/CMakeCCompilerABI.c.o] ==> ignore
    arg [-lgcc] ==> lib [gcc]
    arg [--as-needed] ==> ignore
    arg [-lgcc_s] ==> lib [gcc_s]
    arg [--no-as-needed] ==> ignore
    arg [-lc] ==> lib [c]
    arg [-lgcc] ==> lib [gcc]
    arg [--as-needed] ==> ignore
    arg [-lgcc_s] ==> lib [gcc_s]
    arg [--no-as-needed] ==> ignore
    arg [/home/michael/project/rv1126/RK_SDK_rv1126_rv1109_linux_v1.3.0_20200921/rv1126_rv1109/prebuilts/gcc/linux-x86/arm/gcc-arm-8.3-2019.03-x86_64-arm-linux-gnueabihf/bin/../lib/gcc/arm-linux-gnueabihf/8.3.0/crtend.o] ==> ignore
    arg [/home/michael/project/rv1126/RK_SDK_rv1126_rv1109_linux_v1.3.0_20200921/rv1126_rv1109/buildroot/output/rockchip_rv1126_rv1109/host/arm-buildroot-linux-gnueabihf/sysroot/usr/lib/crtn.o] ==> ignore
  remove lib [gcc]
  remove lib [gcc_s]
  remove lib [gcc]
  remove lib [gcc_s]
  collapse library dir [/home/michael/project/rv1126/RK_SDK_rv1126_rv1109_linux_v1.3.0_20200921/rv1126_rv1109/prebuilts/gcc/linux-x86/arm/gcc-arm-8.3-2019.03-x86_64-arm-linux-gnueabihf/bin/../lib/gcc/arm-linux-gnueabihf/8.3.0] ==> [/home/michael/project/rv1126/RK_SDK_rv1126_rv1109_linux_v1.3.0_20200921/rv1126_rv1109/prebuilts/gcc/linux-x86/arm/gcc-arm-8.3-2019.03-x86_64-arm-linux-gnueabihf/lib/gcc/arm-linux-gnueabihf/8.3.0]
  collapse library dir [/home/michael/project/rv1126/RK_SDK_rv1126_rv1109_linux_v1.3.0_20200921/rv1126_rv1109/prebuilts/gcc/linux-x86/arm/gcc-arm-8.3-2019.03-x86_64-arm-linux-gnueabihf/bin/../lib/gcc] ==> [/home/michael/project/rv1126/RK_SDK_rv1126_rv1109_linux_v1.3.0_20200921/rv1126_rv1109/prebuilts/gcc/linux-x86/arm/gcc-arm-8.3-2019.03-x86_64-arm-linux-gnueabihf/lib/gcc]
  collapse library dir [/home/michael/project/rv1126/RK_SDK_rv1126_rv1109_linux_v1.3.0_20200921/rv1126_rv1109/prebuilts/gcc/linux-x86/arm/gcc-arm-8.3-2019.03-x86_64-arm-linux-gnueabihf/bin/../lib/gcc/arm-linux-gnueabihf/8.3.0/../../../../arm-linux-gnueabihf/lib] ==> [/home/michael/project/rv1126/RK_SDK_rv1126_rv1109_linux_v1.3.0_20200921/rv1126_rv1109/prebuilts/gcc/linux-x86/arm/gcc-arm-8.3-2019.03-x86_64-arm-linux-gnueabihf/arm-linux-gnueabihf/lib]
  collapse library dir [/home/michael/project/rv1126/RK_SDK_rv1126_rv1109_linux_v1.3.0_20200921/rv1126_rv1109/buildroot/output/rockchip_rv1126_rv1109/host/arm-buildroot-linux-gnueabihf/sysroot/lib] ==> [/home/michael/project/rv1126/RK_SDK_rv1126_rv1109_linux_v1.3.0_20200921/rv1126_rv1109/buildroot/output/rockchip_rv1126_rv1109/host/arm-buildroot-linux-gnueabihf/sysroot/lib]
  collapse library dir [/home/michael/project/rv1126/RK_SDK_rv1126_rv1109_linux_v1.3.0_20200921/rv1126_rv1109/buildroot/output/rockchip_rv1126_rv1109/host/arm-buildroot-linux-gnueabihf/sysroot/usr/lib] ==> [/home/michael/project/rv1126/RK_SDK_rv1126_rv1109_linux_v1.3.0_20200921/rv1126_rv1109/buildroot/output/rockchip_rv1126_rv1109/host/arm-buildroot-linux-gnueabihf/sysroot/usr/lib]
  implicit libs: [c]
  implicit dirs: [/home/michael/project/rv1126/RK_SDK_rv1126_rv1109_linux_v1.3.0_20200921/rv1126_rv1109/prebuilts/gcc/linux-x86/arm/gcc-arm-8.3-2019.03-x86_64-arm-linux-gnueabihf/lib/gcc/arm-linux-gnueabihf/8.3.0;/home/michael/project/rv1126/RK_SDK_rv1126_rv1109_linux_v1.3.0_20200921/rv1126_rv1109/prebuilts/gcc/linux-x86/arm/gcc-arm-8.3-2019.03-x86_64-arm-linux-gnueabihf/lib/gcc;/home/michael/project/rv1126/RK_SDK_rv1126_rv1109_linux_v1.3.0_20200921/rv1126_rv1109/prebuilts/gcc/linux-x86/arm/gcc-arm-8.3-2019.03-x86_64-arm-linux-gnueabihf/arm-linux-gnueabihf/lib;/home/michael/project/rv1126/RK_SDK_rv1126_rv1109_linux_v1.3.0_20200921/rv1126_rv1109/buildroot/output/rockchip_rv1126_rv1109/host/arm-buildroot-linux-gnueabihf/sysroot/lib;/home/michael/project/rv1126/RK_SDK_rv1126_rv1109_linux_v1.3.0_20200921/rv1126_rv1109/buildroot/output/rockchip_rv1126_rv1109/host/arm-buildroot-linux-gnueabihf/sysroot/usr/lib]
  implicit fwks: []




Detecting C [-std=c11] compiler features compiled with the following output:
Change Dir: /home/michael/project/rv1126/RK_SDK_rv1126_rv1109_linux_v1.3.0_20200921/rv1126_rv1109/external/rknpu/rknn/rknn_api/examples/rknn_ssd_demo/build/CMakeFiles/CMakeTmp

Run Build Command:"/usr/bin/make" "cmTC_5baf6/fast"
/usr/bin/make -f CMakeFiles/cmTC_5baf6.dir/build.make CMakeFiles/cmTC_5baf6.dir/build
make[1]: Entering directory '/home/michael/project/rv1126/RK_SDK_rv1126_rv1109_linux_v1.3.0_20200921/rv1126_rv1109/external/rknpu/rknn/rknn_api/examples/rknn_ssd_demo/build/CMakeFiles/CMakeTmp'
Building C object CMakeFiles/cmTC_5baf6.dir/feature_tests.c.o
/home/michael/project/rv1126/RK_SDK_rv1126_rv1109_linux_v1.3.0_20200921/rv1126_rv1109/buildroot/output/rockchip_rv1126_rv1109/host/bin/arm-linux-gnueabihf-gcc    -std=c11 -o CMakeFiles/cmTC_5baf6.dir/feature_tests.c.o   -c /home/michael/project/rv1126/RK_SDK_rv1126_rv1109_linux_v1.3.0_20200921/rv1126_rv1109/external/rknpu/rknn/rknn_api/examples/rknn_ssd_demo/build/CMakeFiles/feature_tests.c
Linking C executable cmTC_5baf6
/usr/bin/cmake -E cmake_link_script CMakeFiles/cmTC_5baf6.dir/link.txt --verbose=1
/home/michael/project/rv1126/RK_SDK_rv1126_rv1109_linux_v1.3.0_20200921/rv1126_rv1109/buildroot/output/rockchip_rv1126_rv1109/host/bin/arm-linux-gnueabihf-gcc       CMakeFiles/cmTC_5baf6.dir/feature_tests.c.o  -o cmTC_5baf6 
make[1]: Leaving directory '/home/michael/project/rv1126/RK_SDK_rv1126_rv1109_linux_v1.3.0_20200921/rv1126_rv1109/external/rknpu/rknn/rknn_api/examples/rknn_ssd_demo/build/CMakeFiles/CMakeTmp'


    Feature record: C_FEATURE:1c_function_prototypes
    Feature record: C_FEATURE:1c_restrict
    Feature record: C_FEATURE:1c_static_assert
    Feature record: C_FEATURE:1c_variadic_macros


Detecting C [-std=c99] compiler features compiled with the following output:
Change Dir: /home/michael/project/rv1126/RK_SDK_rv1126_rv1109_linux_v1.3.0_20200921/rv1126_rv1109/external/rknpu/rknn/rknn_api/examples/rknn_ssd_demo/build/CMakeFiles/CMakeTmp

Run Build Command:"/usr/bin/make" "cmTC_dc9af/fast"
/usr/bin/make -f CMakeFiles/cmTC_dc9af.dir/build.make CMakeFiles/cmTC_dc9af.dir/build
make[1]: Entering directory '/home/michael/project/rv1126/RK_SDK_rv1126_rv1109_linux_v1.3.0_20200921/rv1126_rv1109/external/rknpu/rknn/rknn_api/examples/rknn_ssd_demo/build/CMakeFiles/CMakeTmp'
Building C object CMakeFiles/cmTC_dc9af.dir/feature_tests.c.o
/home/michael/project/rv1126/RK_SDK_rv1126_rv1109_linux_v1.3.0_20200921/rv1126_rv1109/buildroot/output/rockchip_rv1126_rv1109/host/bin/arm-linux-gnueabihf-gcc    -std=c99 -o CMakeFiles/cmTC_dc9af.dir/feature_tests.c.o   -c /home/michael/project/rv1126/RK_SDK_rv1126_rv1109_linux_v1.3.0_20200921/rv1126_rv1109/external/rknpu/rknn/rknn_api/examples/rknn_ssd_demo/build/CMakeFiles/feature_tests.c
Linking C executable cmTC_dc9af
/usr/bin/cmake -E cmake_link_script CMakeFiles/cmTC_dc9af.dir/link.txt --verbose=1
/home/michael/project/rv1126/RK_SDK_rv1126_rv1109_linux_v1.3.0_20200921/rv1126_rv1109/buildroot/output/rockchip_rv1126_rv1109/host/bin/arm-linux-gnueabihf-gcc       CMakeFiles/cmTC_dc9af.dir/feature_tests.c.o  -o cmTC_dc9af 
make[1]: Leaving directory '/home/michael/project/rv1126/RK_SDK_rv1126_rv1109_linux_v1.3.0_20200921/rv1126_rv1109/external/rknpu/rknn/rknn_api/examples/rknn_ssd_demo/build/CMakeFiles/CMakeTmp'


    Feature record: C_FEATURE:1c_function_prototypes
    Feature record: C_FEATURE:1c_restrict
    Feature record: C_FEATURE:0c_static_assert
    Feature record: C_FEATURE:1c_variadic_macros


Detecting C [-std=c90] compiler features compiled with the following output:
Change Dir: /home/michael/project/rv1126/RK_SDK_rv1126_rv1109_linux_v1.3.0_20200921/rv1126_rv1109/external/rknpu/rknn/rknn_api/examples/rknn_ssd_demo/build/CMakeFiles/CMakeTmp

Run Build Command:"/usr/bin/make" "cmTC_13751/fast"
/usr/bin/make -f CMakeFiles/cmTC_13751.dir/build.make CMakeFiles/cmTC_13751.dir/build
make[1]: Entering directory '/home/michael/project/rv1126/RK_SDK_rv1126_rv1109_linux_v1.3.0_20200921/rv1126_rv1109/external/rknpu/rknn/rknn_api/examples/rknn_ssd_demo/build/CMakeFiles/CMakeTmp'
Building C object CMakeFiles/cmTC_13751.dir/feature_tests.c.o
/home/michael/project/rv1126/RK_SDK_rv1126_rv1109_linux_v1.3.0_20200921/rv1126_rv1109/buildroot/output/rockchip_rv1126_rv1109/host/bin/arm-linux-gnueabihf-gcc    -std=c90 -o CMakeFiles/cmTC_13751.dir/feature_tests.c.o   -c /home/michael/project/rv1126/RK_SDK_rv1126_rv1109_linux_v1.3.0_20200921/rv1126_rv1109/external/rknpu/rknn/rknn_api/examples/rknn_ssd_demo/build/CMakeFiles/feature_tests.c
Linking C executable cmTC_13751
/usr/bin/cmake -E cmake_link_script CMakeFiles/cmTC_13751.dir/link.txt --verbose=1
/home/michael/project/rv1126/RK_SDK_rv1126_rv1109_linux_v1.3.0_20200921/rv1126_rv1109/buildroot/output/rockchip_rv1126_rv1109/host/bin/arm-linux-gnueabihf-gcc       CMakeFiles/cmTC_13751.dir/feature_tests.c.o  -o cmTC_13751 
make[1]: Leaving directory '/home/michael/project/rv1126/RK_SDK_rv1126_rv1109_linux_v1.3.0_20200921/rv1126_rv1109/external/rknpu/rknn/rknn_api/examples/rknn_ssd_demo/build/CMakeFiles/CMakeTmp'


    Feature record: C_FEATURE:1c_function_prototypes
    Feature record: C_FEATURE:0c_restrict
    Feature record: C_FEATURE:0c_static_assert
    Feature record: C_FEATURE:0c_variadic_macros
Determining if the CXX compiler works passed with the following output:
Change Dir: /home/michael/project/rv1126/RK_SDK_rv1126_rv1109_linux_v1.3.0_20200921/rv1126_rv1109/external/rknpu/rknn/rknn_api/examples/rknn_ssd_demo/build/CMakeFiles/CMakeTmp

Run Build Command:"/usr/bin/make" "cmTC_bcfcc/fast"
/usr/bin/make -f CMakeFiles/cmTC_bcfcc.dir/build.make CMakeFiles/cmTC_bcfcc.dir/build
make[1]: Entering directory '/home/michael/project/rv1126/RK_SDK_rv1126_rv1109_linux_v1.3.0_20200921/rv1126_rv1109/external/rknpu/rknn/rknn_api/examples/rknn_ssd_demo/build/CMakeFiles/CMakeTmp'
Building CXX object CMakeFiles/cmTC_bcfcc.dir/testCXXCompiler.cxx.o
/home/michael/project/rv1126/RK_SDK_rv1126_rv1109_linux_v1.3.0_20200921/rv1126_rv1109/buildroot/output/rockchip_rv1126_rv1109/host/bin/arm-linux-gnueabihf-g++      -o CMakeFiles/cmTC_bcfcc.dir/testCXXCompiler.cxx.o -c /home/michael/project/rv1126/RK_SDK_rv1126_rv1109_linux_v1.3.0_20200921/rv1126_rv1109/external/rknpu/rknn/rknn_api/examples/rknn_ssd_demo/build/CMakeFiles/CMakeTmp/testCXXCompiler.cxx
Linking CXX executable cmTC_bcfcc
/usr/bin/cmake -E cmake_link_script CMakeFiles/cmTC_bcfcc.dir/link.txt --verbose=1
/home/michael/project/rv1126/RK_SDK_rv1126_rv1109_linux_v1.3.0_20200921/rv1126_rv1109/buildroot/output/rockchip_rv1126_rv1109/host/bin/arm-linux-gnueabihf-g++        CMakeFiles/cmTC_bcfcc.dir/testCXXCompiler.cxx.o  -o cmTC_bcfcc 
make[1]: Leaving directory '/home/michael/project/rv1126/RK_SDK_rv1126_rv1109_linux_v1.3.0_20200921/rv1126_rv1109/external/rknpu/rknn/rknn_api/examples/rknn_ssd_demo/build/CMakeFiles/CMakeTmp'


Detecting CXX compiler ABI info compiled with the following output:
Change Dir: /home/michael/project/rv1126/RK_SDK_rv1126_rv1109_linux_v1.3.0_20200921/rv1126_rv1109/external/rknpu/rknn/rknn_api/examples/rknn_ssd_demo/build/CMakeFiles/CMakeTmp

Run Build Command:"/usr/bin/make" "cmTC_4d40d/fast"
/usr/bin/make -f CMakeFiles/cmTC_4d40d.dir/build.make CMakeFiles/cmTC_4d40d.dir/build
make[1]: Entering directory '/home/michael/project/rv1126/RK_SDK_rv1126_rv1109_linux_v1.3.0_20200921/rv1126_rv1109/external/rknpu/rknn/rknn_api/examples/rknn_ssd_demo/build/CMakeFiles/CMakeTmp'
Building CXX object CMakeFiles/cmTC_4d40d.dir/CMakeCXXCompilerABI.cpp.o
/home/michael/project/rv1126/RK_SDK_rv1126_rv1109_linux_v1.3.0_20200921/rv1126_rv1109/buildroot/output/rockchip_rv1126_rv1109/host/bin/arm-linux-gnueabihf-g++      -o CMakeFiles/cmTC_4d40d.dir/CMakeCXXCompilerABI.cpp.o -c /usr/share/cmake-3.5/Modules/CMakeCXXCompilerABI.cpp
Linking CXX executable cmTC_4d40d
/usr/bin/cmake -E cmake_link_script CMakeFiles/cmTC_4d40d.dir/link.txt --verbose=1
/home/michael/project/rv1126/RK_SDK_rv1126_rv1109_linux_v1.3.0_20200921/rv1126_rv1109/buildroot/output/rockchip_rv1126_rv1109/host/bin/arm-linux-gnueabihf-g++       -v CMakeFiles/cmTC_4d40d.dir/CMakeCXXCompilerABI.cpp.o  -o cmTC_4d40d  
Using built-in specs.
COLLECT_GCC=/home/michael/project/rv1126/RK_SDK_rv1126_rv1109_linux_v1.3.0_20200921/rv1126_rv1109/buildroot/../prebuilts/gcc/linux-x86/arm/gcc-arm-8.3-2019.03-x86_64-arm-linux-gnueabihf/bin/arm-linux-gnueabihf-g++
COLLECT_LTO_WRAPPER=/home/michael/project/rv1126/RK_SDK_rv1126_rv1109_linux_v1.3.0_20200921/rv1126_rv1109/prebuilts/gcc/linux-x86/arm/gcc-arm-8.3-2019.03-x86_64-arm-linux-gnueabihf/bin/../libexec/gcc/arm-linux-gnueabihf/8.3.0/lto-wrapper
Target: arm-linux-gnueabihf
Configured with: /tmp/dgboter/bbs/rhev-vm8--rhe6x86_64/buildbot/rhe6x86_64--arm-linux-gnueabihf/build/src/gcc/configure --target=arm-linux-gnueabihf --prefix= --with-sysroot=/arm-linux-gnueabihf/libc --with-build-sysroot=/tmp/dgboter/bbs/rhev-vm8--rhe6x86_64/buildbot/rhe6x86_64--arm-linux-gnueabihf/build/build-arm-linux-gnueabihf/install//arm-linux-gnueabihf/libc --with-bugurl=https://bugs.linaro.org/ --enable-gnu-indirect-function --enable-shared --disable-libssp --disable-libmudflap --enable-checking=release --enable-languages=c,c++,fortran --with-gmp=/tmp/dgboter/bbs/rhev-vm8--rhe6x86_64/buildbot/rhe6x86_64--arm-linux-gnueabihf/build/build-arm-linux-gnueabihf/host-tools --with-mpfr=/tmp/dgboter/bbs/rhev-vm8--rhe6x86_64/buildbot/rhe6x86_64--arm-linux-gnueabihf/build/build-arm-linux-gnueabihf/host-tools --with-mpc=/tmp/dgboter/bbs/rhev-vm8--rhe6x86_64/buildbot/rhe6x86_64--arm-linux-gnueabihf/build/build-arm-linux-gnueabihf/host-tools --with-isl=/tmp/dgboter/bbs/rhev-vm8--rhe6x86_64/buildbot/rhe6x86_64--arm-linux-gnueabihf/build/build-arm-linux-gnueabihf/host-tools --with-arch=armv7-a --with-fpu=neon --with-float=hard --with-arch=armv7-a --with-pkgversion='GNU Toolchain for the A-profile Architecture 8.3-2019.03 (arm-rel-8.36)'
Thread model: posix
gcc version 8.3.0 (GNU Toolchain for the A-profile Architecture 8.3-2019.03 (arm-rel-8.36)) 
COMPILER_PATH=/home/michael/project/rv1126/RK_SDK_rv1126_rv1109_linux_v1.3.0_20200921/rv1126_rv1109/prebuilts/gcc/linux-x86/arm/gcc-arm-8.3-2019.03-x86_64-arm-linux-gnueabihf/bin/../libexec/gcc/arm-linux-gnueabihf/8.3.0/:/home/michael/project/rv1126/RK_SDK_rv1126_rv1109_linux_v1.3.0_20200921/rv1126_rv1109/prebuilts/gcc/linux-x86/arm/gcc-arm-8.3-2019.03-x86_64-arm-linux-gnueabihf/bin/../libexec/gcc/:/home/michael/project/rv1126/RK_SDK_rv1126_rv1109_linux_v1.3.0_20200921/rv1126_rv1109/prebuilts/gcc/linux-x86/arm/gcc-arm-8.3-2019.03-x86_64-arm-linux-gnueabihf/bin/../lib/gcc/arm-linux-gnueabihf/8.3.0/../../../../arm-linux-gnueabihf/bin/
LIBRARY_PATH=/home/michael/project/rv1126/RK_SDK_rv1126_rv1109_linux_v1.3.0_20200921/rv1126_rv1109/prebuilts/gcc/linux-x86/arm/gcc-arm-8.3-2019.03-x86_64-arm-linux-gnueabihf/bin/../lib/gcc/arm-linux-gnueabihf/8.3.0/:/home/michael/project/rv1126/RK_SDK_rv1126_rv1109_linux_v1.3.0_20200921/rv1126_rv1109/prebuilts/gcc/linux-x86/arm/gcc-arm-8.3-2019.03-x86_64-arm-linux-gnueabihf/bin/../lib/gcc/:/home/michael/project/rv1126/RK_SDK_rv1126_rv1109_linux_v1.3.0_20200921/rv1126_rv1109/prebuilts/gcc/linux-x86/arm/gcc-arm-8.3-2019.03-x86_64-arm-linux-gnueabihf/bin/../lib/gcc/arm-linux-gnueabihf/8.3.0/../../../../arm-linux-gnueabihf/lib/:/home/michael/project/rv1126/RK_SDK_rv1126_rv1109_linux_v1.3.0_20200921/rv1126_rv1109/buildroot/output/rockchip_rv1126_rv1109/host/arm-buildroot-linux-gnueabihf/sysroot/lib/:/home/michael/project/rv1126/RK_SDK_rv1126_rv1109_linux_v1.3.0_20200921/rv1126_rv1109/buildroot/output/rockchip_rv1126_rv1109/host/arm-buildroot-linux-gnueabihf/sysroot/usr/lib/
COLLECT_GCC_OPTIONS='-mabi=aapcs-linux' '-mfpu=neon-vfpv4' '-marm' '-mfloat-abi=hard' '-mcpu=cortex-a7' '-v' '-o' 'cmTC_4d40d' '-shared-libgcc' '-mtls-dialect=gnu' '-march=armv7ve+simd'
 /home/michael/project/rv1126/RK_SDK_rv1126_rv1109_linux_v1.3.0_20200921/rv1126_rv1109/prebuilts/gcc/linux-x86/arm/gcc-arm-8.3-2019.03-x86_64-arm-linux-gnueabihf/bin/../libexec/gcc/arm-linux-gnueabihf/8.3.0/collect2 -plugin /home/michael/project/rv1126/RK_SDK_rv1126_rv1109_linux_v1.3.0_20200921/rv1126_rv1109/prebuilts/gcc/linux-x86/arm/gcc-arm-8.3-2019.03-x86_64-arm-linux-gnueabihf/bin/../libexec/gcc/arm-linux-gnueabihf/8.3.0/liblto_plugin.so -plugin-opt=/home/michael/project/rv1126/RK_SDK_rv1126_rv1109_linux_v1.3.0_20200921/rv1126_rv1109/prebuilts/gcc/linux-x86/arm/gcc-arm-8.3-2019.03-x86_64-arm-linux-gnueabihf/bin/../libexec/gcc/arm-linux-gnueabihf/8.3.0/lto-wrapper -plugin-opt=-fresolution=/tmp/ccxX6gmQ.res -plugin-opt=-pass-through=-lgcc_s -plugin-opt=-pass-through=-lgcc -plugin-opt=-pass-through=-lc -plugin-opt=-pass-through=-lgcc_s -plugin-opt=-pass-through=-lgcc --sysroot=/home/michael/project/rv1126/RK_SDK_rv1126_rv1109_linux_v1.3.0_20200921/rv1126_rv1109/buildroot/output/rockchip_rv1126_rv1109/host/arm-buildroot-linux-gnueabihf/sysroot --eh-frame-hdr -dynamic-linker /lib/ld-linux-armhf.so.3 -X -m armelf_linux_eabi -o cmTC_4d40d /home/michael/project/rv1126/RK_SDK_rv1126_rv1109_linux_v1.3.0_20200921/rv1126_rv1109/buildroot/output/rockchip_rv1126_rv1109/host/arm-buildroot-linux-gnueabihf/sysroot/usr/lib/crt1.o /home/michael/project/rv1126/RK_SDK_rv1126_rv1109_linux_v1.3.0_20200921/rv1126_rv1109/buildroot/output/rockchip_rv1126_rv1109/host/arm-buildroot-linux-gnueabihf/sysroot/usr/lib/crti.o /home/michael/project/rv1126/RK_SDK_rv1126_rv1109_linux_v1.3.0_20200921/rv1126_rv1109/prebuilts/gcc/linux-x86/arm/gcc-arm-8.3-2019.03-x86_64-arm-linux-gnueabihf/bin/../lib/gcc/arm-linux-gnueabihf/8.3.0/crtbegin.o -L/home/michael/project/rv1126/RK_SDK_rv1126_rv1109_linux_v1.3.0_20200921/rv1126_rv1109/prebuilts/gcc/linux-x86/arm/gcc-arm-8.3-2019.03-x86_64-arm-linux-gnueabihf/bin/../lib/gcc/arm-linux-gnueabihf/8.3.0 -L/home/michael/project/rv1126/RK_SDK_rv1126_rv1109_linux_v1.3.0_20200921/rv1126_rv1109/prebuilts/gcc/linux-x86/arm/gcc-arm-8.3-2019.03-x86_64-arm-linux-gnueabihf/bin/../lib/gcc -L/home/michael/project/rv1126/RK_SDK_rv1126_rv1109_linux_v1.3.0_20200921/rv1126_rv1109/prebuilts/gcc/linux-x86/arm/gcc-arm-8.3-2019.03-x86_64-arm-linux-gnueabihf/bin/../lib/gcc/arm-linux-gnueabihf/8.3.0/../../../../arm-linux-gnueabihf/lib -L/home/michael/project/rv1126/RK_SDK_rv1126_rv1109_linux_v1.3.0_20200921/rv1126_rv1109/buildroot/output/rockchip_rv1126_rv1109/host/arm-buildroot-linux-gnueabihf/sysroot/lib -L/home/michael/project/rv1126/RK_SDK_rv1126_rv1109_linux_v1.3.0_20200921/rv1126_rv1109/buildroot/output/rockchip_rv1126_rv1109/host/arm-buildroot-linux-gnueabihf/sysroot/usr/lib CMakeFiles/cmTC_4d40d.dir/CMakeCXXCompilerABI.cpp.o -lstdc++ -lm -lgcc_s -lgcc -lc -lgcc_s -lgcc /home/michael/project/rv1126/RK_SDK_rv1126_rv1109_linux_v1.3.0_20200921/rv1126_rv1109/prebuilts/gcc/linux-x86/arm/gcc-arm-8.3-2019.03-x86_64-arm-linux-gnueabihf/bin/../lib/gcc/arm-linux-gnueabihf/8.3.0/crtend.o /home/michael/project/rv1126/RK_SDK_rv1126_rv1109_linux_v1.3.0_20200921/rv1126_rv1109/buildroot/output/rockchip_rv1126_rv1109/host/arm-buildroot-linux-gnueabihf/sysroot/usr/lib/crtn.o
COLLECT_GCC_OPTIONS='-mabi=aapcs-linux' '-mfpu=neon-vfpv4' '-marm' '-mfloat-abi=hard' '-mcpu=cortex-a7' '-v' '-o' 'cmTC_4d40d' '-shared-libgcc' '-mtls-dialect=gnu' '-march=armv7ve+simd'
make[1]: Leaving directory '/home/michael/project/rv1126/RK_SDK_rv1126_rv1109_linux_v1.3.0_20200921/rv1126_rv1109/external/rknpu/rknn/rknn_api/examples/rknn_ssd_demo/build/CMakeFiles/CMakeTmp'


Parsed CXX implicit link information from above output:
  link line regex: [^( *|.*[/\])(ld|([^/\]+-)?ld|collect2)[^/\]*( |$)]
  ignore line: [Change Dir: /home/michael/project/rv1126/RK_SDK_rv1126_rv1109_linux_v1.3.0_20200921/rv1126_rv1109/external/rknpu/rknn/rknn_api/examples/rknn_ssd_demo/build/CMakeFiles/CMakeTmp]
  ignore line: []
  ignore line: [Run Build Command:"/usr/bin/make" "cmTC_4d40d/fast"]
  ignore line: [/usr/bin/make -f CMakeFiles/cmTC_4d40d.dir/build.make CMakeFiles/cmTC_4d40d.dir/build]
  ignore line: [make[1]: Entering directory '/home/michael/project/rv1126/RK_SDK_rv1126_rv1109_linux_v1.3.0_20200921/rv1126_rv1109/external/rknpu/rknn/rknn_api/examples/rknn_ssd_demo/build/CMakeFiles/CMakeTmp']
  ignore line: [Building CXX object CMakeFiles/cmTC_4d40d.dir/CMakeCXXCompilerABI.cpp.o]
  ignore line: [/home/michael/project/rv1126/RK_SDK_rv1126_rv1109_linux_v1.3.0_20200921/rv1126_rv1109/buildroot/output/rockchip_rv1126_rv1109/host/bin/arm-linux-gnueabihf-g++      -o CMakeFiles/cmTC_4d40d.dir/CMakeCXXCompilerABI.cpp.o -c /usr/share/cmake-3.5/Modules/CMakeCXXCompilerABI.cpp]
  ignore line: [Linking CXX executable cmTC_4d40d]
  ignore line: [/usr/bin/cmake -E cmake_link_script CMakeFiles/cmTC_4d40d.dir/link.txt --verbose=1]
  ignore line: [/home/michael/project/rv1126/RK_SDK_rv1126_rv1109_linux_v1.3.0_20200921/rv1126_rv1109/buildroot/output/rockchip_rv1126_rv1109/host/bin/arm-linux-gnueabihf-g++       -v CMakeFiles/cmTC_4d40d.dir/CMakeCXXCompilerABI.cpp.o  -o cmTC_4d40d  ]
  ignore line: [Using built-in specs.]
  ignore line: [COLLECT_GCC=/home/michael/project/rv1126/RK_SDK_rv1126_rv1109_linux_v1.3.0_20200921/rv1126_rv1109/buildroot/../prebuilts/gcc/linux-x86/arm/gcc-arm-8.3-2019.03-x86_64-arm-linux-gnueabihf/bin/arm-linux-gnueabihf-g++]
  ignore line: [COLLECT_LTO_WRAPPER=/home/michael/project/rv1126/RK_SDK_rv1126_rv1109_linux_v1.3.0_20200921/rv1126_rv1109/prebuilts/gcc/linux-x86/arm/gcc-arm-8.3-2019.03-x86_64-arm-linux-gnueabihf/bin/../libexec/gcc/arm-linux-gnueabihf/8.3.0/lto-wrapper]
  ignore line: [Target: arm-linux-gnueabihf]
  ignore line: [Configured with: /tmp/dgboter/bbs/rhev-vm8--rhe6x86_64/buildbot/rhe6x86_64--arm-linux-gnueabihf/build/src/gcc/configure --target=arm-linux-gnueabihf --prefix= --with-sysroot=/arm-linux-gnueabihf/libc --with-build-sysroot=/tmp/dgboter/bbs/rhev-vm8--rhe6x86_64/buildbot/rhe6x86_64--arm-linux-gnueabihf/build/build-arm-linux-gnueabihf/install//arm-linux-gnueabihf/libc --with-bugurl=https://bugs.linaro.org/ --enable-gnu-indirect-function --enable-shared --disable-libssp --disable-libmudflap --enable-checking=release --enable-languages=c,c++,fortran --with-gmp=/tmp/dgboter/bbs/rhev-vm8--rhe6x86_64/buildbot/rhe6x86_64--arm-linux-gnueabihf/build/build-arm-linux-gnueabihf/host-tools --with-mpfr=/tmp/dgboter/bbs/rhev-vm8--rhe6x86_64/buildbot/rhe6x86_64--arm-linux-gnueabihf/build/build-arm-linux-gnueabihf/host-tools --with-mpc=/tmp/dgboter/bbs/rhev-vm8--rhe6x86_64/buildbot/rhe6x86_64--arm-linux-gnueabihf/build/build-arm-linux-gnueabihf/host-tools --with-isl=/tmp/dgboter/bbs/rhev-vm8--rhe6x86_64/buildbot/rhe6x86_64--arm-linux-gnueabihf/build/build-arm-linux-gnueabihf/host-tools --with-arch=armv7-a --with-fpu=neon --with-float=hard --with-arch=armv7-a --with-pkgversion='GNU Toolchain for the A-profile Architecture 8.3-2019.03 (arm-rel-8.36)']
  ignore line: [Thread model: posix]
  ignore line: [gcc version 8.3.0 (GNU Toolchain for the A-profile Architecture 8.3-2019.03 (arm-rel-8.36)) ]
  ignore line: [COMPILER_PATH=/home/michael/project/rv1126/RK_SDK_rv1126_rv1109_linux_v1.3.0_20200921/rv1126_rv1109/prebuilts/gcc/linux-x86/arm/gcc-arm-8.3-2019.03-x86_64-arm-linux-gnueabihf/bin/../libexec/gcc/arm-linux-gnueabihf/8.3.0/:/home/michael/project/rv1126/RK_SDK_rv1126_rv1109_linux_v1.3.0_20200921/rv1126_rv1109/prebuilts/gcc/linux-x86/arm/gcc-arm-8.3-2019.03-x86_64-arm-linux-gnueabihf/bin/../libexec/gcc/:/home/michael/project/rv1126/RK_SDK_rv1126_rv1109_linux_v1.3.0_20200921/rv1126_rv1109/prebuilts/gcc/linux-x86/arm/gcc-arm-8.3-2019.03-x86_64-arm-linux-gnueabihf/bin/../lib/gcc/arm-linux-gnueabihf/8.3.0/../../../../arm-linux-gnueabihf/bin/]
  ignore line: [LIBRARY_PATH=/home/michael/project/rv1126/RK_SDK_rv1126_rv1109_linux_v1.3.0_20200921/rv1126_rv1109/prebuilts/gcc/linux-x86/arm/gcc-arm-8.3-2019.03-x86_64-arm-linux-gnueabihf/bin/../lib/gcc/arm-linux-gnueabihf/8.3.0/:/home/michael/project/rv1126/RK_SDK_rv1126_rv1109_linux_v1.3.0_20200921/rv1126_rv1109/prebuilts/gcc/linux-x86/arm/gcc-arm-8.3-2019.03-x86_64-arm-linux-gnueabihf/bin/../lib/gcc/:/home/michael/project/rv1126/RK_SDK_rv1126_rv1109_linux_v1.3.0_20200921/rv1126_rv1109/prebuilts/gcc/linux-x86/arm/gcc-arm-8.3-2019.03-x86_64-arm-linux-gnueabihf/bin/../lib/gcc/arm-linux-gnueabihf/8.3.0/../../../../arm-linux-gnueabihf/lib/:/home/michael/project/rv1126/RK_SDK_rv1126_rv1109_linux_v1.3.0_20200921/rv1126_rv1109/buildroot/output/rockchip_rv1126_rv1109/host/arm-buildroot-linux-gnueabihf/sysroot/lib/:/home/michael/project/rv1126/RK_SDK_rv1126_rv1109_linux_v1.3.0_20200921/rv1126_rv1109/buildroot/output/rockchip_rv1126_rv1109/host/arm-buildroot-linux-gnueabihf/sysroot/usr/lib/]
  ignore line: [COLLECT_GCC_OPTIONS='-mabi=aapcs-linux' '-mfpu=neon-vfpv4' '-marm' '-mfloat-abi=hard' '-mcpu=cortex-a7' '-v' '-o' 'cmTC_4d40d' '-shared-libgcc' '-mtls-dialect=gnu' '-march=armv7ve+simd']
  link line: [ /home/michael/project/rv1126/RK_SDK_rv1126_rv1109_linux_v1.3.0_20200921/rv1126_rv1109/prebuilts/gcc/linux-x86/arm/gcc-arm-8.3-2019.03-x86_64-arm-linux-gnueabihf/bin/../libexec/gcc/arm-linux-gnueabihf/8.3.0/collect2 -plugin /home/michael/project/rv1126/RK_SDK_rv1126_rv1109_linux_v1.3.0_20200921/rv1126_rv1109/prebuilts/gcc/linux-x86/arm/gcc-arm-8.3-2019.03-x86_64-arm-linux-gnueabihf/bin/../libexec/gcc/arm-linux-gnueabihf/8.3.0/liblto_plugin.so -plugin-opt=/home/michael/project/rv1126/RK_SDK_rv1126_rv1109_linux_v1.3.0_20200921/rv1126_rv1109/prebuilts/gcc/linux-x86/arm/gcc-arm-8.3-2019.03-x86_64-arm-linux-gnueabihf/bin/../libexec/gcc/arm-linux-gnueabihf/8.3.0/lto-wrapper -plugin-opt=-fresolution=/tmp/ccxX6gmQ.res -plugin-opt=-pass-through=-lgcc_s -plugin-opt=-pass-through=-lgcc -plugin-opt=-pass-through=-lc -plugin-opt=-pass-through=-lgcc_s -plugin-opt=-pass-through=-lgcc --sysroot=/home/michael/project/rv1126/RK_SDK_rv1126_rv1109_linux_v1.3.0_20200921/rv1126_rv1109/buildroot/output/rockchip_rv1126_rv1109/host/arm-buildroot-linux-gnueabihf/sysroot --eh-frame-hdr -dynamic-linker /lib/ld-linux-armhf.so.3 -X -m armelf_linux_eabi -o cmTC_4d40d /home/michael/project/rv1126/RK_SDK_rv1126_rv1109_linux_v1.3.0_20200921/rv1126_rv1109/buildroot/output/rockchip_rv1126_rv1109/host/arm-buildroot-linux-gnueabihf/sysroot/usr/lib/crt1.o /home/michael/project/rv1126/RK_SDK_rv1126_rv1109_linux_v1.3.0_20200921/rv1126_rv1109/buildroot/output/rockchip_rv1126_rv1109/host/arm-buildroot-linux-gnueabihf/sysroot/usr/lib/crti.o /home/michael/project/rv1126/RK_SDK_rv1126_rv1109_linux_v1.3.0_20200921/rv1126_rv1109/prebuilts/gcc/linux-x86/arm/gcc-arm-8.3-2019.03-x86_64-arm-linux-gnueabihf/bin/../lib/gcc/arm-linux-gnueabihf/8.3.0/crtbegin.o -L/home/michael/project/rv1126/RK_SDK_rv1126_rv1109_linux_v1.3.0_20200921/rv1126_rv1109/prebuilts/gcc/linux-x86/arm/gcc-arm-8.3-2019.03-x86_64-arm-linux-gnueabihf/bin/../lib/gcc/arm-linux-gnueabihf/8.3.0 -L/home/michael/project/rv1126/RK_SDK_rv1126_rv1109_linux_v1.3.0_20200921/rv1126_rv1109/prebuilts/gcc/linux-x86/arm/gcc-arm-8.3-2019.03-x86_64-arm-linux-gnueabihf/bin/../lib/gcc -L/home/michael/project/rv1126/RK_SDK_rv1126_rv1109_linux_v1.3.0_20200921/rv1126_rv1109/prebuilts/gcc/linux-x86/arm/gcc-arm-8.3-2019.03-x86_64-arm-linux-gnueabihf/bin/../lib/gcc/arm-linux-gnueabihf/8.3.0/../../../../arm-linux-gnueabihf/lib -L/home/michael/project/rv1126/RK_SDK_rv1126_rv1109_linux_v1.3.0_20200921/rv1126_rv1109/buildroot/output/rockchip_rv1126_rv1109/host/arm-buildroot-linux-gnueabihf/sysroot/lib -L/home/michael/project/rv1126/RK_SDK_rv1126_rv1109_linux_v1.3.0_20200921/rv1126_rv1109/buildroot/output/rockchip_rv1126_rv1109/host/arm-buildroot-linux-gnueabihf/sysroot/usr/lib CMakeFiles/cmTC_4d40d.dir/CMakeCXXCompilerABI.cpp.o -lstdc++ -lm -lgcc_s -lgcc -lc -lgcc_s -lgcc /home/michael/project/rv1126/RK_SDK_rv1126_rv1109_linux_v1.3.0_20200921/rv1126_rv1109/prebuilts/gcc/linux-x86/arm/gcc-arm-8.3-2019.03-x86_64-arm-linux-gnueabihf/bin/../lib/gcc/arm-linux-gnueabihf/8.3.0/crtend.o /home/michael/project/rv1126/RK_SDK_rv1126_rv1109_linux_v1.3.0_20200921/rv1126_rv1109/buildroot/output/rockchip_rv1126_rv1109/host/arm-buildroot-linux-gnueabihf/sysroot/usr/lib/crtn.o]
    arg [/home/michael/project/rv1126/RK_SDK_rv1126_rv1109_linux_v1.3.0_20200921/rv1126_rv1109/prebuilts/gcc/linux-x86/arm/gcc-arm-8.3-2019.03-x86_64-arm-linux-gnueabihf/bin/../libexec/gcc/arm-linux-gnueabihf/8.3.0/collect2] ==> ignore
    arg [-plugin] ==> ignore
    arg [/home/michael/project/rv1126/RK_SDK_rv1126_rv1109_linux_v1.3.0_20200921/rv1126_rv1109/prebuilts/gcc/linux-x86/arm/gcc-arm-8.3-2019.03-x86_64-arm-linux-gnueabihf/bin/../libexec/gcc/arm-linux-gnueabihf/8.3.0/liblto_plugin.so] ==> ignore
    arg [-plugin-opt=/home/michael/project/rv1126/RK_SDK_rv1126_rv1109_linux_v1.3.0_20200921/rv1126_rv1109/prebuilts/gcc/linux-x86/arm/gcc-arm-8.3-2019.03-x86_64-arm-linux-gnueabihf/bin/../libexec/gcc/arm-linux-gnueabihf/8.3.0/lto-wrapper] ==> ignore
    arg [-plugin-opt=-fresolution=/tmp/ccxX6gmQ.res] ==> ignore
    arg [-plugin-opt=-pass-through=-lgcc_s] ==> ignore
    arg [-plugin-opt=-pass-through=-lgcc] ==> ignore
    arg [-plugin-opt=-pass-through=-lc] ==> ignore
    arg [-plugin-opt=-pass-through=-lgcc_s] ==> ignore
    arg [-plugin-opt=-pass-through=-lgcc] ==> ignore
    arg [--sysroot=/home/michael/project/rv1126/RK_SDK_rv1126_rv1109_linux_v1.3.0_20200921/rv1126_rv1109/buildroot/output/rockchip_rv1126_rv1109/host/arm-buildroot-linux-gnueabihf/sysroot] ==> ignore
    arg [--eh-frame-hdr] ==> ignore
    arg [-dynamic-linker] ==> ignore
    arg [/lib/ld-linux-armhf.so.3] ==> ignore
    arg [-X] ==> ignore
    arg [-m] ==> ignore
    arg [armelf_linux_eabi] ==> ignore
    arg [-o] ==> ignore
    arg [cmTC_4d40d] ==> ignore
    arg [/home/michael/project/rv1126/RK_SDK_rv1126_rv1109_linux_v1.3.0_20200921/rv1126_rv1109/buildroot/output/rockchip_rv1126_rv1109/host/arm-buildroot-linux-gnueabihf/sysroot/usr/lib/crt1.o] ==> ignore
    arg [/home/michael/project/rv1126/RK_SDK_rv1126_rv1109_linux_v1.3.0_20200921/rv1126_rv1109/buildroot/output/rockchip_rv1126_rv1109/host/arm-buildroot-linux-gnueabihf/sysroot/usr/lib/crti.o] ==> ignore
    arg [/home/michael/project/rv1126/RK_SDK_rv1126_rv1109_linux_v1.3.0_20200921/rv1126_rv1109/prebuilts/gcc/linux-x86/arm/gcc-arm-8.3-2019.03-x86_64-arm-linux-gnueabihf/bin/../lib/gcc/arm-linux-gnueabihf/8.3.0/crtbegin.o] ==> ignore
    arg [-L/home/michael/project/rv1126/RK_SDK_rv1126_rv1109_linux_v1.3.0_20200921/rv1126_rv1109/prebuilts/gcc/linux-x86/arm/gcc-arm-8.3-2019.03-x86_64-arm-linux-gnueabihf/bin/../lib/gcc/arm-linux-gnueabihf/8.3.0] ==> dir [/home/michael/project/rv1126/RK_SDK_rv1126_rv1109_linux_v1.3.0_20200921/rv1126_rv1109/prebuilts/gcc/linux-x86/arm/gcc-arm-8.3-2019.03-x86_64-arm-linux-gnueabihf/bin/../lib/gcc/arm-linux-gnueabihf/8.3.0]
    arg [-L/home/michael/project/rv1126/RK_SDK_rv1126_rv1109_linux_v1.3.0_20200921/rv1126_rv1109/prebuilts/gcc/linux-x86/arm/gcc-arm-8.3-2019.03-x86_64-arm-linux-gnueabihf/bin/../lib/gcc] ==> dir [/home/michael/project/rv1126/RK_SDK_rv1126_rv1109_linux_v1.3.0_20200921/rv1126_rv1109/prebuilts/gcc/linux-x86/arm/gcc-arm-8.3-2019.03-x86_64-arm-linux-gnueabihf/bin/../lib/gcc]
    arg [-L/home/michael/project/rv1126/RK_SDK_rv1126_rv1109_linux_v1.3.0_20200921/rv1126_rv1109/prebuilts/gcc/linux-x86/arm/gcc-arm-8.3-2019.03-x86_64-arm-linux-gnueabihf/bin/../lib/gcc/arm-linux-gnueabihf/8.3.0/../../../../arm-linux-gnueabihf/lib] ==> dir [/home/michael/project/rv1126/RK_SDK_rv1126_rv1109_linux_v1.3.0_20200921/rv1126_rv1109/prebuilts/gcc/linux-x86/arm/gcc-arm-8.3-2019.03-x86_64-arm-linux-gnueabihf/bin/../lib/gcc/arm-linux-gnueabihf/8.3.0/../../../../arm-linux-gnueabihf/lib]
    arg [-L/home/michael/project/rv1126/RK_SDK_rv1126_rv1109_linux_v1.3.0_20200921/rv1126_rv1109/buildroot/output/rockchip_rv1126_rv1109/host/arm-buildroot-linux-gnueabihf/sysroot/lib] ==> dir [/home/michael/project/rv1126/RK_SDK_rv1126_rv1109_linux_v1.3.0_20200921/rv1126_rv1109/buildroot/output/rockchip_rv1126_rv1109/host/arm-buildroot-linux-gnueabihf/sysroot/lib]
    arg [-L/home/michael/project/rv1126/RK_SDK_rv1126_rv1109_linux_v1.3.0_20200921/rv1126_rv1109/buildroot/output/rockchip_rv1126_rv1109/host/arm-buildroot-linux-gnueabihf/sysroot/usr/lib] ==> dir [/home/michael/project/rv1126/RK_SDK_rv1126_rv1109_linux_v1.3.0_20200921/rv1126_rv1109/buildroot/output/rockchip_rv1126_rv1109/host/arm-buildroot-linux-gnueabihf/sysroot/usr/lib]
    arg [CMakeFiles/cmTC_4d40d.dir/CMakeCXXCompilerABI.cpp.o] ==> ignore
    arg [-lstdc++] ==> lib [stdc++]
    arg [-lm] ==> lib [m]
    arg [-lgcc_s] ==> lib [gcc_s]
    arg [-lgcc] ==> lib [gcc]
    arg [-lc] ==> lib [c]
    arg [-lgcc_s] ==> lib [gcc_s]
    arg [-lgcc] ==> lib [gcc]
    arg [/home/michael/project/rv1126/RK_SDK_rv1126_rv1109_linux_v1.3.0_20200921/rv1126_rv1109/prebuilts/gcc/linux-x86/arm/gcc-arm-8.3-2019.03-x86_64-arm-linux-gnueabihf/bin/../lib/gcc/arm-linux-gnueabihf/8.3.0/crtend.o] ==> ignore
    arg [/home/michael/project/rv1126/RK_SDK_rv1126_rv1109_linux_v1.3.0_20200921/rv1126_rv1109/buildroot/output/rockchip_rv1126_rv1109/host/arm-buildroot-linux-gnueabihf/sysroot/usr/lib/crtn.o] ==> ignore
  remove lib [gcc_s]
  remove lib [gcc]
  remove lib [gcc_s]
  remove lib [gcc]
  collapse library dir [/home/michael/project/rv1126/RK_SDK_rv1126_rv1109_linux_v1.3.0_20200921/rv1126_rv1109/prebuilts/gcc/linux-x86/arm/gcc-arm-8.3-2019.03-x86_64-arm-linux-gnueabihf/bin/../lib/gcc/arm-linux-gnueabihf/8.3.0] ==> [/home/michael/project/rv1126/RK_SDK_rv1126_rv1109_linux_v1.3.0_20200921/rv1126_rv1109/prebuilts/gcc/linux-x86/arm/gcc-arm-8.3-2019.03-x86_64-arm-linux-gnueabihf/lib/gcc/arm-linux-gnueabihf/8.3.0]
  collapse library dir [/home/michael/project/rv1126/RK_SDK_rv1126_rv1109_linux_v1.3.0_20200921/rv1126_rv1109/prebuilts/gcc/linux-x86/arm/gcc-arm-8.3-2019.03-x86_64-arm-linux-gnueabihf/bin/../lib/gcc] ==> [/home/michael/project/rv1126/RK_SDK_rv1126_rv1109_linux_v1.3.0_20200921/rv1126_rv1109/prebuilts/gcc/linux-x86/arm/gcc-arm-8.3-2019.03-x86_64-arm-linux-gnueabihf/lib/gcc]
  collapse library dir [/home/michael/project/rv1126/RK_SDK_rv1126_rv1109_linux_v1.3.0_20200921/rv1126_rv1109/prebuilts/gcc/linux-x86/arm/gcc-arm-8.3-2019.03-x86_64-arm-linux-gnueabihf/bin/../lib/gcc/arm-linux-gnueabihf/8.3.0/../../../../arm-linux-gnueabihf/lib] ==> [/home/michael/project/rv1126/RK_SDK_rv1126_rv1109_linux_v1.3.0_20200921/rv1126_rv1109/prebuilts/gcc/linux-x86/arm/gcc-arm-8.3-2019.03-x86_64-arm-linux-gnueabihf/arm-linux-gnueabihf/lib]
  collapse library dir [/home/michael/project/rv1126/RK_SDK_rv1126_rv1109_linux_v1.3.0_20200921/rv1126_rv1109/buildroot/output/rockchip_rv1126_rv1109/host/arm-buildroot-linux-gnueabihf/sysroot/lib] ==> [/home/michael/project/rv1126/RK_SDK_rv1126_rv1109_linux_v1.3.0_20200921/rv1126_rv1109/buildroot/output/rockchip_rv1126_rv1109/host/arm-buildroot-linux-gnueabihf/sysroot/lib]
  collapse library dir [/home/michael/project/rv1126/RK_SDK_rv1126_rv1109_linux_v1.3.0_20200921/rv1126_rv1109/buildroot/output/rockchip_rv1126_rv1109/host/arm-buildroot-linux-gnueabihf/sysroot/usr/lib] ==> [/home/michael/project/rv1126/RK_SDK_rv1126_rv1109_linux_v1.3.0_20200921/rv1126_rv1109/buildroot/output/rockchip_rv1126_rv1109/host/arm-buildroot-linux-gnueabihf/sysroot/usr/lib]
  implicit libs: [stdc++;m;c]
  implicit dirs: [/home/michael/project/rv1126/RK_SDK_rv1126_rv1109_linux_v1.3.0_20200921/rv1126_rv1109/prebuilts/gcc/linux-x86/arm/gcc-arm-8.3-2019.03-x86_64-arm-linux-gnueabihf/lib/gcc/arm-linux-gnueabihf/8.3.0;/home/michael/project/rv1126/RK_SDK_rv1126_rv1109_linux_v1.3.0_20200921/rv1126_rv1109/prebuilts/gcc/linux-x86/arm/gcc-arm-8.3-2019.03-x86_64-arm-linux-gnueabihf/lib/gcc;/home/michael/project/rv1126/RK_SDK_rv1126_rv1109_linux_v1.3.0_20200921/rv1126_rv1109/prebuilts/gcc/linux-x86/arm/gcc-arm-8.3-2019.03-x86_64-arm-linux-gnueabihf/arm-linux-gnueabihf/lib;/home/michael/project/rv1126/RK_SDK_rv1126_rv1109_linux_v1.3.0_20200921/rv1126_rv1109/buildroot/output/rockchip_rv1126_rv1109/host/arm-buildroot-linux-gnueabihf/sysroot/lib;/home/michael/project/rv1126/RK_SDK_rv1126_rv1109_linux_v1.3.0_20200921/rv1126_rv1109/buildroot/output/rockchip_rv1126_rv1109/host/arm-buildroot-linux-gnueabihf/sysroot/usr/lib]
  implicit fwks: []




Detecting CXX [-std=c++14] compiler features compiled with the following output:
Change Dir: /home/michael/project/rv1126/RK_SDK_rv1126_rv1109_linux_v1.3.0_20200921/rv1126_rv1109/external/rknpu/rknn/rknn_api/examples/rknn_ssd_demo/build/CMakeFiles/CMakeTmp

Run Build Command:"/usr/bin/make" "cmTC_b47ca/fast"
/usr/bin/make -f CMakeFiles/cmTC_b47ca.dir/build.make CMakeFiles/cmTC_b47ca.dir/build
make[1]: Entering directory '/home/michael/project/rv1126/RK_SDK_rv1126_rv1109_linux_v1.3.0_20200921/rv1126_rv1109/external/rknpu/rknn/rknn_api/examples/rknn_ssd_demo/build/CMakeFiles/CMakeTmp'
Building CXX object CMakeFiles/cmTC_b47ca.dir/feature_tests.cxx.o
/home/michael/project/rv1126/RK_SDK_rv1126_rv1109_linux_v1.3.0_20200921/rv1126_rv1109/buildroot/output/rockchip_rv1126_rv1109/host/bin/arm-linux-gnueabihf-g++     -std=c++14 -o CMakeFiles/cmTC_b47ca.dir/feature_tests.cxx.o -c /home/michael/project/rv1126/RK_SDK_rv1126_rv1109_linux_v1.3.0_20200921/rv1126_rv1109/external/rknpu/rknn/rknn_api/examples/rknn_ssd_demo/build/CMakeFiles/feature_tests.cxx
Linking CXX executable cmTC_b47ca
/usr/bin/cmake -E cmake_link_script CMakeFiles/cmTC_b47ca.dir/link.txt --verbose=1
/home/michael/project/rv1126/RK_SDK_rv1126_rv1109_linux_v1.3.0_20200921/rv1126_rv1109/buildroot/output/rockchip_rv1126_rv1109/host/bin/arm-linux-gnueabihf-g++        CMakeFiles/cmTC_b47ca.dir/feature_tests.cxx.o  -o cmTC_b47ca 
make[1]: Leaving directory '/home/michael/project/rv1126/RK_SDK_rv1126_rv1109_linux_v1.3.0_20200921/rv1126_rv1109/external/rknpu/rknn/rknn_api/examples/rknn_ssd_demo/build/CMakeFiles/CMakeTmp'


    Feature record: CXX_FEATURE:1cxx_aggregate_default_initializers
    Feature record: CXX_FEATURE:1cxx_alias_templates
    Feature record: CXX_FEATURE:1cxx_alignas
    Feature record: CXX_FEATURE:1cxx_alignof
    Feature record: CXX_FEATURE:1cxx_attributes
    Feature record: CXX_FEATURE:1cxx_attribute_deprecated
    Feature record: CXX_FEATURE:1cxx_auto_type
    Feature record: CXX_FEATURE:1cxx_binary_literals
    Feature record: CXX_FEATURE:1cxx_constexpr
    Feature record: CXX_FEATURE:1cxx_contextual_conversions
    Feature record: CXX_FEATURE:1cxx_decltype
    Feature record: CXX_FEATURE:1cxx_decltype_auto
    Feature record: CXX_FEATURE:1cxx_decltype_incomplete_return_types
    Feature record: CXX_FEATURE:1cxx_default_function_template_args
    Feature record: CXX_FEATURE:1cxx_defaulted_functions
    Feature record: CXX_FEATURE:1cxx_defaulted_move_initializers
    Feature record: CXX_FEATURE:1cxx_delegating_constructors
    Feature record: CXX_FEATURE:1cxx_deleted_functions
    Feature record: CXX_FEATURE:1cxx_digit_separators
    Feature record: CXX_FEATURE:1cxx_enum_forward_declarations
    Feature record: CXX_FEATURE:1cxx_explicit_conversions
    Feature record: CXX_FEATURE:1cxx_extended_friend_declarations
    Feature record: CXX_FEATURE:1cxx_extern_templates
    Feature record: CXX_FEATURE:1cxx_final
    Feature record: CXX_FEATURE:1cxx_func_identifier
    Feature record: CXX_FEATURE:1cxx_generalized_initializers
    Feature record: CXX_FEATURE:1cxx_generic_lambdas
    Feature record: CXX_FEATURE:1cxx_inheriting_constructors
    Feature record: CXX_FEATURE:1cxx_inline_namespaces
    Feature record: CXX_FEATURE:1cxx_lambdas
    Feature record: CXX_FEATURE:1cxx_lambda_init_captures
    Feature record: CXX_FEATURE:1cxx_local_type_template_args
    Feature record: CXX_FEATURE:1cxx_long_long_type
    Feature record: CXX_FEATURE:1cxx_noexcept
    Feature record: CXX_FEATURE:1cxx_nonstatic_member_init
    Feature record: CXX_FEATURE:1cxx_nullptr
    Feature record: CXX_FEATURE:1cxx_override
    Feature record: CXX_FEATURE:1cxx_range_for
    Feature record: CXX_FEATURE:1cxx_raw_string_literals
    Feature record: CXX_FEATURE:1cxx_reference_qualified_functions
    Feature record: CXX_FEATURE:1cxx_relaxed_constexpr
    Feature record: CXX_FEATURE:1cxx_return_type_deduction
    Feature record: CXX_FEATURE:1cxx_right_angle_brackets
    Feature record: CXX_FEATURE:1cxx_rvalue_references
    Feature record: CXX_FEATURE:1cxx_sizeof_member
    Feature record: CXX_FEATURE:1cxx_static_assert
    Feature record: CXX_FEATURE:1cxx_strong_enums
    Feature record: CXX_FEATURE:1cxx_template_template_parameters
    Feature record: CXX_FEATURE:1cxx_thread_local
    Feature record: CXX_FEATURE:1cxx_trailing_return_types
    Feature record: CXX_FEATURE:1cxx_unicode_literals
    Feature record: CXX_FEATURE:1cxx_uniform_initialization
    Feature record: CXX_FEATURE:1cxx_unrestricted_unions
    Feature record: CXX_FEATURE:1cxx_user_literals
    Feature record: CXX_FEATURE:1cxx_variable_templates
    Feature record: CXX_FEATURE:1cxx_variadic_macros
    Feature record: CXX_FEATURE:1cxx_variadic_templates


Detecting CXX [-std=c++11] compiler features compiled with the following output:
Change Dir: /home/michael/project/rv1126/RK_SDK_rv1126_rv1109_linux_v1.3.0_20200921/rv1126_rv1109/external/rknpu/rknn/rknn_api/examples/rknn_ssd_demo/build/CMakeFiles/CMakeTmp

Run Build Command:"/usr/bin/make" "cmTC_0461e/fast"
/usr/bin/make -f CMakeFiles/cmTC_0461e.dir/build.make CMakeFiles/cmTC_0461e.dir/build
make[1]: Entering directory '/home/michael/project/rv1126/RK_SDK_rv1126_rv1109_linux_v1.3.0_20200921/rv1126_rv1109/external/rknpu/rknn/rknn_api/examples/rknn_ssd_demo/build/CMakeFiles/CMakeTmp'
Building CXX object CMakeFiles/cmTC_0461e.dir/feature_tests.cxx.o
/home/michael/project/rv1126/RK_SDK_rv1126_rv1109_linux_v1.3.0_20200921/rv1126_rv1109/buildroot/output/rockchip_rv1126_rv1109/host/bin/arm-linux-gnueabihf-g++     -std=c++11 -o CMakeFiles/cmTC_0461e.dir/feature_tests.cxx.o -c /home/michael/project/rv1126/RK_SDK_rv1126_rv1109_linux_v1.3.0_20200921/rv1126_rv1109/external/rknpu/rknn/rknn_api/examples/rknn_ssd_demo/build/CMakeFiles/feature_tests.cxx
Linking CXX executable cmTC_0461e
/usr/bin/cmake -E cmake_link_script CMakeFiles/cmTC_0461e.dir/link.txt --verbose=1
/home/michael/project/rv1126/RK_SDK_rv1126_rv1109_linux_v1.3.0_20200921/rv1126_rv1109/buildroot/output/rockchip_rv1126_rv1109/host/bin/arm-linux-gnueabihf-g++        CMakeFiles/cmTC_0461e.dir/feature_tests.cxx.o  -o cmTC_0461e 
make[1]: Leaving directory '/home/michael/project/rv1126/RK_SDK_rv1126_rv1109_linux_v1.3.0_20200921/rv1126_rv1109/external/rknpu/rknn/rknn_api/examples/rknn_ssd_demo/build/CMakeFiles/CMakeTmp'


    Feature record: CXX_FEATURE:0cxx_aggregate_default_initializers
    Feature record: CXX_FEATURE:1cxx_alias_templates
    Feature record: CXX_FEATURE:1cxx_alignas
    Feature record: CXX_FEATURE:1cxx_alignof
    Feature record: CXX_FEATURE:1cxx_attributes
    Feature record: CXX_FEATURE:0cxx_attribute_deprecated
    Feature record: CXX_FEATURE:1cxx_auto_type
    Feature record: CXX_FEATURE:0cxx_binary_literals
    Feature record: CXX_FEATURE:1cxx_constexpr
    Feature record: CXX_FEATURE:0cxx_contextual_conversions
    Feature record: CXX_FEATURE:1cxx_decltype
    Feature record: CXX_FEATURE:0cxx_decltype_auto
    Feature record: CXX_FEATURE:1cxx_decltype_incomplete_return_types
    Feature record: CXX_FEATURE:1cxx_default_function_template_args
    Feature record: CXX_FEATURE:1cxx_defaulted_functions
    Feature record: CXX_FEATURE:1cxx_defaulted_move_initializers
    Feature record: CXX_FEATURE:1cxx_delegating_constructors
    Feature record: CXX_FEATURE:1cxx_deleted_functions
    Feature record: CXX_FEATURE:0cxx_digit_separators
    Feature record: CXX_FEATURE:1cxx_enum_forward_declarations
    Feature record: CXX_FEATURE:1cxx_explicit_conversions
    Feature record: CXX_FEATURE:1cxx_extended_friend_declarations
    Feature record: CXX_FEATURE:1cxx_extern_templates
    Feature record: CXX_FEATURE:1cxx_final
    Feature record: CXX_FEATURE:1cxx_func_identifier
    Feature record: CXX_FEATURE:1cxx_generalized_initializers
    Feature record: CXX_FEATURE:0cxx_generic_lambdas
    Feature record: CXX_FEATURE:1cxx_inheriting_constructors
    Feature record: CXX_FEATURE:1cxx_inline_namespaces
    Feature record: CXX_FEATURE:1cxx_lambdas
    Feature record: CXX_FEATURE:0cxx_lambda_init_captures
    Feature record: CXX_FEATURE:1cxx_local_type_template_args
    Feature record: CXX_FEATURE:1cxx_long_long_type
    Feature record: CXX_FEATURE:1cxx_noexcept
    Feature record: CXX_FEATURE:1cxx_nonstatic_member_init
    Feature record: CXX_FEATURE:1cxx_nullptr
    Feature record: CXX_FEATURE:1cxx_override
    Feature record: CXX_FEATURE:1cxx_range_for
    Feature record: CXX_FEATURE:1cxx_raw_string_literals
    Feature record: CXX_FEATURE:1cxx_reference_qualified_functions
    Feature record: CXX_FEATURE:0cxx_relaxed_constexpr
    Feature record: CXX_FEATURE:0cxx_return_type_deduction
    Feature record: CXX_FEATURE:1cxx_right_angle_brackets
    Feature record: CXX_FEATURE:1cxx_rvalue_references
    Feature record: CXX_FEATURE:1cxx_sizeof_member
    Feature record: CXX_FEATURE:1cxx_static_assert
    Feature record: CXX_FEATURE:1cxx_strong_enums
    Feature record: CXX_FEATURE:1cxx_template_template_parameters
    Feature record: CXX_FEATURE:1cxx_thread_local
    Feature record: CXX_FEATURE:1cxx_trailing_return_types
    Feature record: CXX_FEATURE:1cxx_unicode_literals
    Feature record: CXX_FEATURE:1cxx_uniform_initialization
    Feature record: CXX_FEATURE:1cxx_unrestricted_unions
    Feature record: CXX_FEATURE:1cxx_user_literals
    Feature record: CXX_FEATURE:0cxx_variable_templates
    Feature record: CXX_FEATURE:1cxx_variadic_macros
    Feature record: CXX_FEATURE:1cxx_variadic_templates


Detecting CXX [-std=c++98] compiler features compiled with the following output:
Change Dir: /home/michael/project/rv1126/RK_SDK_rv1126_rv1109_linux_v1.3.0_20200921/rv1126_rv1109/external/rknpu/rknn/rknn_api/examples/rknn_ssd_demo/build/CMakeFiles/CMakeTmp

Run Build Command:"/usr/bin/make" "cmTC_427ba/fast"
/usr/bin/make -f CMakeFiles/cmTC_427ba.dir/build.make CMakeFiles/cmTC_427ba.dir/build
make[1]: Entering directory '/home/michael/project/rv1126/RK_SDK_rv1126_rv1109_linux_v1.3.0_20200921/rv1126_rv1109/external/rknpu/rknn/rknn_api/examples/rknn_ssd_demo/build/CMakeFiles/CMakeTmp'
Building CXX object CMakeFiles/cmTC_427ba.dir/feature_tests.cxx.o
/home/michael/project/rv1126/RK_SDK_rv1126_rv1109_linux_v1.3.0_20200921/rv1126_rv1109/buildroot/output/rockchip_rv1126_rv1109/host/bin/arm-linux-gnueabihf-g++     -std=c++98 -o CMakeFiles/cmTC_427ba.dir/feature_tests.cxx.o -c /home/michael/project/rv1126/RK_SDK_rv1126_rv1109_linux_v1.3.0_20200921/rv1126_rv1109/external/rknpu/rknn/rknn_api/examples/rknn_ssd_demo/build/CMakeFiles/feature_tests.cxx
Linking CXX executable cmTC_427ba
/usr/bin/cmake -E cmake_link_script CMakeFiles/cmTC_427ba.dir/link.txt --verbose=1
/home/michael/project/rv1126/RK_SDK_rv1126_rv1109_linux_v1.3.0_20200921/rv1126_rv1109/buildroot/output/rockchip_rv1126_rv1109/host/bin/arm-linux-gnueabihf-g++        CMakeFiles/cmTC_427ba.dir/feature_tests.cxx.o  -o cmTC_427ba 
make[1]: Leaving directory '/home/michael/project/rv1126/RK_SDK_rv1126_rv1109_linux_v1.3.0_20200921/rv1126_rv1109/external/rknpu/rknn/rknn_api/examples/rknn_ssd_demo/build/CMakeFiles/CMakeTmp'


    Feature record: CXX_FEATURE:0cxx_aggregate_default_initializers
    Feature record: CXX_FEATURE:0cxx_alias_templates
    Feature record: CXX_FEATURE:0cxx_alignas
    Feature record: CXX_FEATURE:0cxx_alignof
    Feature record: CXX_FEATURE:0cxx_attributes
    Feature record: CXX_FEATURE:0cxx_attribute_deprecated
    Feature record: CXX_FEATURE:0cxx_auto_type
    Feature record: CXX_FEATURE:0cxx_binary_literals
    Feature record: CXX_FEATURE:0cxx_constexpr
    Feature record: CXX_FEATURE:0cxx_contextual_conversions
    Feature record: CXX_FEATURE:0cxx_decltype
    Feature record: CXX_FEATURE:0cxx_decltype_auto
    Feature record: CXX_FEATURE:0cxx_decltype_incomplete_return_types
    Feature record: CXX_FEATURE:0cxx_default_function_template_args
    Feature record: CXX_FEATURE:0cxx_defaulted_functions
    Feature record: CXX_FEATURE:0cxx_defaulted_move_initializers
    Feature record: CXX_FEATURE:0cxx_delegating_constructors
    Feature record: CXX_FEATURE:0cxx_deleted_functions
    Feature record: CXX_FEATURE:0cxx_digit_separators
    Feature record: CXX_FEATURE:0cxx_enum_forward_declarations
    Feature record: CXX_FEATURE:0cxx_explicit_conversions
    Feature record: CXX_FEATURE:0cxx_extended_friend_declarations
    Feature record: CXX_FEATURE:0cxx_extern_templates
    Feature record: CXX_FEATURE:0cxx_final
    Feature record: CXX_FEATURE:0cxx_func_identifier
    Feature record: CXX_FEATURE:0cxx_generalized_initializers
    Feature record: CXX_FEATURE:0cxx_generic_lambdas
    Feature record: CXX_FEATURE:0cxx_inheriting_constructors
    Feature record: CXX_FEATURE:0cxx_inline_namespaces
    Feature record: CXX_FEATURE:0cxx_lambdas
    Feature record: CXX_FEATURE:0cxx_lambda_init_captures
    Feature record: CXX_FEATURE:0cxx_local_type_template_args
    Feature record: CXX_FEATURE:0cxx_long_long_type
    Feature record: CXX_FEATURE:0cxx_noexcept
    Feature record: CXX_FEATURE:0cxx_nonstatic_member_init
    Feature record: CXX_FEATURE:0cxx_nullptr
    Feature record: CXX_FEATURE:0cxx_override
    Feature record: CXX_FEATURE:0cxx_range_for
    Feature record: CXX_FEATURE:0cxx_raw_string_literals
    Feature record: CXX_FEATURE:0cxx_reference_qualified_functions
    Feature record: CXX_FEATURE:0cxx_relaxed_constexpr
    Feature record: CXX_FEATURE:0cxx_return_type_deduction
    Feature record: CXX_FEATURE:0cxx_right_angle_brackets
    Feature record: CXX_FEATURE:0cxx_rvalue_references
    Feature record: CXX_FEATURE:0cxx_sizeof_member
    Feature record: CXX_FEATURE:0cxx_static_assert
    Feature record: CXX_FEATURE:0cxx_strong_enums
    Feature record: CXX_FEATURE:1cxx_template_template_parameters
    Feature record: CXX_FEATURE:0cxx_thread_local
    Feature record: CXX_FEATURE:0cxx_trailing_return_types
    Feature record: CXX_FEATURE:0cxx_unicode_literals
    Feature record: CXX_FEATURE:0cxx_uniform_initialization
    Feature record: CXX_FEATURE:0cxx_unrestricted_unions
    Feature record: CXX_FEATURE:0cxx_user_literals
    Feature record: CXX_FEATURE:0cxx_variable_templates
    Feature record: CXX_FEATURE:0cxx_variadic_macros
    Feature record: CXX_FEATURE:0cxx_variadic_templates
